2023-12-06 11:02:08,271 - INFO - 行 0 填充关键词结果: Unnamed: 0             0
股票名称                沙河股份
股票全称          沙河实业股份有限公司
社会统一信用代码             NaN
经营产品               房地产开发
股票代码                  14
上游关键词            房地产开发up
下游关键词          房地产开发down
Name: 0, dtype: object
2023-12-06 11:02:08,273 - INFO - 行 3 填充关键词结果: Unnamed: 0                  3
股票名称                     ST深天
股票全称          深圳市天地(集团)股份有限公司
社会统一信用代码                  NaN
经营产品                   机电设备维修
股票代码                       23
上游关键词                机电设备维修up
下游关键词              机电设备维修down
Name: 3, dtype: object
2023-12-06 11:02:08,274 - INFO - 行 1 填充关键词结果: Unnamed: 0                  1
股票名称                     ST深天
股票全称          深圳市天地(集团)股份有限公司
社会统一信用代码                  NaN
经营产品                    商品混凝土
股票代码                       23
上游关键词                 商品混凝土up
下游关键词               商品混凝土down
Name: 1, dtype: object
2023-12-06 11:02:08,275 - INFO - 行 4 填充关键词结果: Unnamed: 0               4
股票名称                  深南电A
股票全称          深圳南山热电股份有限公司
社会统一信用代码               NaN
经营产品                    供电
股票代码                    37
上游关键词                 供电up
下游关键词               供电down
Name: 4, dtype: object
2023-12-06 11:02:08,276 - INFO - 行 2 填充关键词结果: Unnamed: 0                  2
股票名称                     ST深天
股票全称          深圳市天地(集团)股份有限公司
社会统一信用代码                  NaN
经营产品                     水泥制品
股票代码                       23
上游关键词                  水泥制品up
下游关键词                水泥制品down
Name: 2, dtype: object
2023-12-06 11:02:12,362 - INFO - 行 5 填充关键词结果: Unnamed: 0               5
股票名称                  深南电A
股票全称          深圳南山热电股份有限公司
社会统一信用代码               NaN
经营产品                    供热
股票代码                    37
上游关键词                 供热up
下游关键词               供热down
Name: 5, dtype: object
2023-12-06 11:02:12,362 - INFO - 行 7 填充关键词结果: Unnamed: 0                  7
股票名称                     中洲控股
股票全称          深圳市中洲投资控股股份有限公司
社会统一信用代码                  NaN
经营产品                       酒店
股票代码                       42
上游关键词                    酒店up
下游关键词                  酒店down
Name: 7, dtype: object
2023-12-06 11:02:12,362 - INFO - 行 8 填充关键词结果: Unnamed: 0                  8
股票名称                     中洲控股
股票全称          深圳市中洲投资控股股份有限公司
社会统一信用代码                  NaN
经营产品                   建筑安装工程
股票代码                       42
上游关键词                建筑安装工程up
下游关键词              建筑安装工程down
Name: 8, dtype: object
2023-12-06 11:02:12,362 - INFO - 行 6 填充关键词结果: Unnamed: 0               6
股票名称                  深南电A
股票全称          深圳南山热电股份有限公司
社会统一信用代码               NaN
经营产品               发电厂技术服务
股票代码                    37
上游关键词            发电厂技术服务up
下游关键词          发电厂技术服务down
Name: 6, dtype: object
2023-12-06 11:02:12,372 - INFO - 行 9 填充关键词结果: Unnamed: 0                   9
股票名称                      神州信息
股票全称          神州数码信息服务集团股份有限公司
社会统一信用代码                   NaN
经营产品                      系统集成
股票代码                       555
上游关键词                   系统集成up
下游关键词                 系统集成down
Name: 9, dtype: object
2023-12-06 11:02:16,441 - INFO - 行 10 填充关键词结果: Unnamed: 0                  10
股票名称                      神州信息
股票全称          神州数码信息服务集团股份有限公司
社会统一信用代码                   NaN
经营产品                      智能银行
股票代码                       555
上游关键词                   智能银行up
下游关键词                 智能银行down
Name: 10, dtype: object
2023-12-06 11:02:16,453 - INFO - 行 11 填充关键词结果: Unnamed: 0                  11
股票名称                      神州信息
股票全称          神州数码信息服务集团股份有限公司
社会统一信用代码                   NaN
经营产品                       云计算
股票代码                       555
上游关键词                    云计算up
下游关键词                  云计算down
Name: 11, dtype: object
2023-12-06 11:02:16,453 - INFO - 行 14 填充关键词结果: Unnamed: 0            14
股票名称                青岛双星
股票全称          青岛双星股份有限公司
社会统一信用代码             NaN
经营产品              橡胶机械产业
股票代码                 599
上游关键词           橡胶机械产业up
下游关键词         橡胶机械产业down
Name: 14, dtype: object
2023-12-06 11:02:16,453 - INFO - 行 13 填充关键词结果: Unnamed: 0                13
股票名称                    德龙汇能
股票全称            德龙汇能集团股份有限公司
社会统一信用代码                 NaN
经营产品              清洁能源综合供应方案
股票代码                     593
上游关键词           清洁能源综合供应方案up
下游关键词         清洁能源综合供应方案down
Name: 13, dtype: object
2023-12-06 11:02:16,453 - INFO - 行 12 填充关键词结果: Unnamed: 0              12
股票名称                  德龙汇能
股票全称          德龙汇能集团股份有限公司
社会统一信用代码               NaN
经营产品                  节能服务
股票代码                   593
上游关键词               节能服务up
下游关键词             节能服务down
Name: 12, dtype: object
2023-12-06 11:02:20,538 - INFO - 行 15 填充关键词结果: Unnamed: 0             15
股票名称                 青岛双星
股票全称           青岛双星股份有限公司
社会统一信用代码              NaN
经营产品              卡客车专用轮胎
股票代码                  599
上游关键词           卡客车专用轮胎up
下游关键词         卡客车专用轮胎down
Name: 15, dtype: object
2023-12-06 11:02:20,548 - INFO - 行 16 填充关键词结果: Unnamed: 0            16
股票名称                青岛双星
股票全称          青岛双星股份有限公司
社会统一信用代码             NaN
经营产品              橡胶机械产业
股票代码                 599
上游关键词           橡胶机械产业up
下游关键词         橡胶机械产业down
Name: 16, dtype: object
2023-12-06 11:02:20,552 - INFO - 行 18 填充关键词结果: Unnamed: 0              18
股票名称                  荣丰控股
股票全称          荣丰控股集团股份有限公司
社会统一信用代码               NaN
经营产品                高端办公物业
股票代码                   668
上游关键词             高端办公物业up
下游关键词           高端办公物业down
Name: 18, dtype: object
2023-12-06 11:02:20,552 - INFO - 行 17 填充关键词结果: Unnamed: 0              17
股票名称                  荣丰控股
股票全称          荣丰控股集团股份有限公司
社会统一信用代码               NaN
经营产品                 改善性住宅
股票代码                   668
上游关键词              改善性住宅up
下游关键词            改善性住宅down
Name: 17, dtype: object
2023-12-06 11:02:20,552 - INFO - 行 19 填充关键词结果: Unnamed: 0              19
股票名称                  襄阳轴承
股票全称          襄阳汽车轴承股份有限公司
社会统一信用代码               NaN
经营产品                圆锥滚子轴承
股票代码                   678
上游关键词             圆锥滚子轴承up
下游关键词           圆锥滚子轴承down
Name: 19, dtype: object
2023-12-06 11:02:24,660 - INFO - 行 20 填充关键词结果: Unnamed: 0              20
股票名称                  襄阳轴承
股票全称          襄阳汽车轴承股份有限公司
社会统一信用代码               NaN
经营产品                  滚针轴承
股票代码                   678
上游关键词               滚针轴承up
下游关键词             滚针轴承down
Name: 20, dtype: object
2023-12-06 11:02:24,663 - INFO - 行 21 填充关键词结果: Unnamed: 0              21
股票名称                  襄阳轴承
股票全称          襄阳汽车轴承股份有限公司
社会统一信用代码               NaN
经营产品                   球轴承
股票代码                   678
上游关键词                球轴承up
下游关键词              球轴承down
Name: 21, dtype: object
2023-12-06 11:02:24,664 - INFO - 行 22 填充关键词结果: Unnamed: 0              22
股票名称                  襄阳轴承
股票全称          襄阳汽车轴承股份有限公司
社会统一信用代码               NaN
经营产品               离合器分离轴承
股票代码                   678
上游关键词            离合器分离轴承up
下游关键词          离合器分离轴承down
Name: 22, dtype: object
2023-12-06 11:02:24,667 - INFO - 行 24 填充关键词结果: Unnamed: 0              24
股票名称                  襄阳轴承
股票全称          襄阳汽车轴承股份有限公司
社会统一信用代码               NaN
经营产品                高速滚动轴承
股票代码                   678
上游关键词             高速滚动轴承up
下游关键词           高速滚动轴承down
Name: 24, dtype: object
2023-12-06 11:02:24,667 - INFO - 行 23 填充关键词结果: Unnamed: 0              23
股票名称                  襄阳轴承
股票全称          襄阳汽车轴承股份有限公司
社会统一信用代码               NaN
经营产品                轿车轮毂轴承
股票代码                   678
上游关键词             轿车轮毂轴承up
下游关键词           轿车轮毂轴承down
Name: 23, dtype: object
2023-12-06 11:02:28,749 - INFO - 行 27 填充关键词结果: Unnamed: 0            27
股票名称                恒逸石化
股票全称          恒逸石化股份有限公司
社会统一信用代码             NaN
经营产品                航空煤油
股票代码                 703
上游关键词             航空煤油up
下游关键词           航空煤油down
Name: 27, dtype: object
2023-12-06 11:02:28,749 - INFO - 行 26 填充关键词结果: Unnamed: 0            26
股票名称                恒逸石化
股票全称          恒逸石化股份有限公司
社会统一信用代码             NaN
经营产品                  柴油
股票代码                 703
上游关键词               柴油up
下游关键词             柴油down
Name: 26, dtype: object
2023-12-06 11:02:28,749 - INFO - 行 25 填充关键词结果: Unnamed: 0            25
股票名称                恒逸石化
股票全称          恒逸石化股份有限公司
社会统一信用代码             NaN
经营产品                  汽油
股票代码                 703
上游关键词               汽油up
下游关键词             汽油down
Name: 25, dtype: object
2023-12-06 11:02:28,754 - INFO - 行 28 填充关键词结果: Unnamed: 0            28
股票名称                恒逸石化
股票全称          恒逸石化股份有限公司
社会统一信用代码             NaN
经营产品                化工轻油
股票代码                 703
上游关键词             化工轻油up
下游关键词           化工轻油down
Name: 28, dtype: object
2023-12-06 11:02:28,758 - INFO - 行 29 填充关键词结果: Unnamed: 0            29
股票名称                恒逸石化
股票全称          恒逸石化股份有限公司
社会统一信用代码             NaN
经营产品               液化石油气
股票代码                 703
上游关键词            液化石油气up
下游关键词          液化石油气down
Name: 29, dtype: object
2023-12-06 11:02:32,850 - INFO - 行 32 填充关键词结果: Unnamed: 0            32
股票名称                中交地产
股票全称          中交地产股份有限公司
社会统一信用代码             NaN
经营产品                建筑材料
股票代码                 736
上游关键词             建筑材料up
下游关键词           建筑材料down
Name: 32, dtype: object
2023-12-06 11:02:32,856 - INFO - 行 31 填充关键词结果: Unnamed: 0            31
股票名称                中交地产
股票全称          中交地产股份有限公司
社会统一信用代码             NaN
经营产品               房地产经营
股票代码                 736
上游关键词            房地产经营up
下游关键词          房地产经营down
Name: 31, dtype: object
2023-12-06 11:02:32,856 - INFO - 行 33 填充关键词结果: Unnamed: 0            33
股票名称                中交地产
股票全称          中交地产股份有限公司
社会统一信用代码             NaN
经营产品                装饰材料
股票代码                 736
上游关键词             装饰材料up
下游关键词           装饰材料down
Name: 33, dtype: object
2023-12-06 11:02:32,856 - INFO - 行 30 填充关键词结果: Unnamed: 0            30
股票名称                中交地产
股票全称          中交地产股份有限公司
社会统一信用代码             NaN
经营产品               房地产开发
股票代码                 736
上游关键词            房地产开发up
下游关键词          房地产开发down
Name: 30, dtype: object
2023-12-06 11:02:32,862 - INFO - 行 34 填充关键词结果: Unnamed: 0               34
股票名称                    万年青
股票全称          江西万年青水泥股份有限公司
社会统一信用代码                NaN
经营产品                     商砼
股票代码                    789
上游关键词                  商砼up
下游关键词                商砼down
Name: 34, dtype: object
2023-12-06 11:02:36,933 - INFO - 行 35 填充关键词结果: Unnamed: 0               35
股票名称                    万年青
股票全称          江西万年青水泥股份有限公司
社会统一信用代码                NaN
经营产品                     骨料
股票代码                    789
上游关键词                  骨料up
下游关键词                骨料down
Name: 35, dtype: object
2023-12-06 11:02:36,939 - INFO - 行 36 填充关键词结果: Unnamed: 0               36
股票名称                    万年青
股票全称          江西万年青水泥股份有限公司
社会统一信用代码                NaN
经营产品                  商品混凝土
股票代码                    789
上游关键词               商品混凝土up
下游关键词             商品混凝土down
Name: 36, dtype: object
2023-12-06 11:02:36,939 - INFO - 行 37 填充关键词结果: Unnamed: 0              37
股票名称                  盐湖股份
股票全称          青海盐湖工业股份有限公司
社会统一信用代码               NaN
经营产品                   氯化钾
股票代码                   792
上游关键词                氯化钾up
下游关键词              氯化钾down
Name: 37, dtype: object
2023-12-06 11:02:36,943 - INFO - 行 39 填充关键词结果: Unnamed: 0                    39
股票名称                        铁岭新城
股票全称          铁岭新城投资控股(集团)股份有限公司
社会统一信用代码                     NaN
经营产品                      土地一级开发
股票代码                         809
上游关键词                   土地一级开发up
下游关键词                 土地一级开发down
Name: 39, dtype: object
2023-12-06 11:02:36,943 - INFO - 行 38 填充关键词结果: Unnamed: 0                    38
股票名称                        铁岭新城
股票全称          铁岭新城投资控股(集团)股份有限公司
社会统一信用代码                     NaN
经营产品                    城市基础设施建设
股票代码                         809
上游关键词                 城市基础设施建设up
下游关键词               城市基础设施建设down
Name: 38, dtype: object
2023-12-06 11:02:41,031 - INFO - 行 40 填充关键词结果: Unnamed: 0                    40
股票名称                        铁岭新城
股票全称          铁岭新城投资控股(集团)股份有限公司
社会统一信用代码                     NaN
经营产品                          供水
股票代码                         809
上游关键词                       供水up
下游关键词                     供水down
Name: 40, dtype: object
2023-12-06 11:02:41,042 - INFO - 行 42 填充关键词结果: Unnamed: 0                    42
股票名称                        铁岭新城
股票全称          铁岭新城投资控股(集团)股份有限公司
社会统一信用代码                     NaN
经营产品                      户外广告传媒
股票代码                         809
上游关键词                   户外广告传媒up
下游关键词                 户外广告传媒down
Name: 42, dtype: object
2023-12-06 11:02:41,049 - INFO - 行 43 填充关键词结果: Unnamed: 0             43
股票名称                 德展健康
股票全称          德展大健康股份有限公司
社会统一信用代码              NaN
经营产品                血脂调节剂
股票代码                  813
上游关键词             血脂调节剂up
下游关键词           血脂调节剂down
Name: 43, dtype: object
2023-12-06 11:02:41,064 - INFO - 行 41 填充关键词结果: Unnamed: 0                    41
股票名称                        铁岭新城
股票全称          铁岭新城投资控股(集团)股份有限公司
社会统一信用代码                     NaN
经营产品                        污水处理
股票代码                         809
上游关键词                     污水处理up
下游关键词                   污水处理down
Name: 41, dtype: object
2023-12-06 11:02:41,066 - INFO - 行 44 填充关键词结果: Unnamed: 0                 44
股票名称                     德展健康
股票全称              德展大健康股份有限公司
社会统一信用代码                  NaN
经营产品              氨氯地平阿托伐他汀钙片
股票代码                      813
上游关键词           氨氯地平阿托伐他汀钙片up
下游关键词         氨氯地平阿托伐他汀钙片down
Name: 44, dtype: object
2023-12-06 11:02:45,132 - INFO - 行 45 填充关键词结果: Unnamed: 0              45
股票名称                  德展健康
股票全称           德展大健康股份有限公司
社会统一信用代码               NaN
经营产品              盐酸曲美他嗪胶囊
股票代码                   813
上游关键词           盐酸曲美他嗪胶囊up
下游关键词         盐酸曲美他嗪胶囊down
Name: 45, dtype: object
2023-12-06 11:02:45,139 - INFO - 行 47 填充关键词结果: Unnamed: 0             47
股票名称                 德展健康
股票全称          德展大健康股份有限公司
社会统一信用代码              NaN
经营产品                凡乐片二型
股票代码                  813
上游关键词             凡乐片二型up
下游关键词           凡乐片二型down
Name: 47, dtype: object
2023-12-06 11:02:45,139 - INFO - 行 46 填充关键词结果: Unnamed: 0             46
股票名称                 德展健康
股票全称          德展大健康股份有限公司
社会统一信用代码              NaN
经营产品                凡乐片一型
股票代码                  813
上游关键词             凡乐片一型up
下游关键词           凡乐片一型down
Name: 46, dtype: object
2023-12-06 11:02:45,139 - INFO - 行 49 填充关键词结果: Unnamed: 0             49
股票名称                 德展健康
股票全称          德展大健康股份有限公司
社会统一信用代码              NaN
经营产品               盐酸胺碘酮片
股票代码                  813
上游关键词            盐酸胺碘酮片up
下游关键词          盐酸胺碘酮片down
Name: 49, dtype: object
2023-12-06 11:02:45,147 - INFO - 行 48 填充关键词结果: Unnamed: 0             48
股票名称                 德展健康
股票全称          德展大健康股份有限公司
社会统一信用代码              NaN
经营产品                硫唑嘌呤片
股票代码                  813
上游关键词             硫唑嘌呤片up
下游关键词           硫唑嘌呤片down
Name: 48, dtype: object
2023-12-06 11:02:49,235 - INFO - 行 50 填充关键词结果: Unnamed: 0             50
股票名称                 德展健康
股票全称          德展大健康股份有限公司
社会统一信用代码              NaN
经营产品                 羟基脲片
股票代码                  813
上游关键词              羟基脲片up
下游关键词            羟基脲片down
Name: 50, dtype: object
2023-12-06 11:05:39,791 - INFO - 行 0 填充关键词结果: Unnamed: 0             0
股票名称                沙河股份
股票全称          沙河实业股份有限公司
社会统一信用代码             NaN
经营产品               房地产开发
股票代码                  14
上游关键词            房地产开发up
下游关键词          房地产开发down
Name: 0, dtype: object
2023-12-06 11:05:39,794 - INFO - 行 1 填充关键词结果: Unnamed: 0                  1
股票名称                     ST深天
股票全称          深圳市天地(集团)股份有限公司
社会统一信用代码                  NaN
经营产品                    商品混凝土
股票代码                       23
上游关键词                 商品混凝土up
下游关键词               商品混凝土down
Name: 1, dtype: object
2023-12-06 11:05:39,795 - INFO - 行 3 填充关键词结果: Unnamed: 0                  3
股票名称                     ST深天
股票全称          深圳市天地(集团)股份有限公司
社会统一信用代码                  NaN
经营产品                   机电设备维修
股票代码                       23
上游关键词                机电设备维修up
下游关键词              机电设备维修down
Name: 3, dtype: object
2023-12-06 11:05:39,797 - INFO - 行 4 填充关键词结果: Unnamed: 0               4
股票名称                  深南电A
股票全称          深圳南山热电股份有限公司
社会统一信用代码               NaN
经营产品                    供电
股票代码                    37
上游关键词                 供电up
下游关键词               供电down
Name: 4, dtype: object
2023-12-06 11:05:39,797 - INFO - 行 2 填充关键词结果: Unnamed: 0                  2
股票名称                     ST深天
股票全称          深圳市天地(集团)股份有限公司
社会统一信用代码                  NaN
经营产品                     水泥制品
股票代码                       23
上游关键词                  水泥制品up
下游关键词                水泥制品down
Name: 2, dtype: object
2023-12-06 11:05:43,869 - INFO - 行 5 填充关键词结果: Unnamed: 0               5
股票名称                  深南电A
股票全称          深圳南山热电股份有限公司
社会统一信用代码               NaN
经营产品                    供热
股票代码                    37
上游关键词                 供热up
下游关键词               供热down
Name: 5, dtype: object
2023-12-06 11:05:43,873 - INFO - 行 6 填充关键词结果: Unnamed: 0               6
股票名称                  深南电A
股票全称          深圳南山热电股份有限公司
社会统一信用代码               NaN
经营产品               发电厂技术服务
股票代码                    37
上游关键词            发电厂技术服务up
下游关键词          发电厂技术服务down
Name: 6, dtype: object
2023-12-06 11:05:43,877 - INFO - 行 7 填充关键词结果: Unnamed: 0                  7
股票名称                     中洲控股
股票全称          深圳市中洲投资控股股份有限公司
社会统一信用代码                  NaN
经营产品                       酒店
股票代码                       42
上游关键词                    酒店up
下游关键词                  酒店down
Name: 7, dtype: object
2023-12-06 11:05:43,884 - INFO - 行 8 填充关键词结果: Unnamed: 0                  8
股票名称                     中洲控股
股票全称          深圳市中洲投资控股股份有限公司
社会统一信用代码                  NaN
经营产品                   建筑安装工程
股票代码                       42
上游关键词                建筑安装工程up
下游关键词              建筑安装工程down
Name: 8, dtype: object
2023-12-06 11:05:43,886 - INFO - 行 9 填充关键词结果: Unnamed: 0                   9
股票名称                      神州信息
股票全称          神州数码信息服务集团股份有限公司
社会统一信用代码                   NaN
经营产品                      系统集成
股票代码                       555
上游关键词                   系统集成up
下游关键词                 系统集成down
Name: 9, dtype: object
2023-12-06 11:05:47,969 - INFO - 行 10 填充关键词结果: Unnamed: 0                  10
股票名称                      神州信息
股票全称          神州数码信息服务集团股份有限公司
社会统一信用代码                   NaN
经营产品                      智能银行
股票代码                       555
上游关键词                   智能银行up
下游关键词                 智能银行down
Name: 10, dtype: object
2023-12-06 11:05:47,969 - INFO - 行 11 填充关键词结果: Unnamed: 0                  11
股票名称                      神州信息
股票全称          神州数码信息服务集团股份有限公司
社会统一信用代码                   NaN
经营产品                       云计算
股票代码                       555
上游关键词                    云计算up
下游关键词                  云计算down
Name: 11, dtype: object
2023-12-06 11:05:47,978 - INFO - 行 13 填充关键词结果: Unnamed: 0                13
股票名称                    德龙汇能
股票全称            德龙汇能集团股份有限公司
社会统一信用代码                 NaN
经营产品              清洁能源综合供应方案
股票代码                     593
上游关键词           清洁能源综合供应方案up
下游关键词         清洁能源综合供应方案down
Name: 13, dtype: object
2023-12-06 11:05:47,981 - INFO - 行 12 填充关键词结果: Unnamed: 0              12
股票名称                  德龙汇能
股票全称          德龙汇能集团股份有限公司
社会统一信用代码               NaN
经营产品                  节能服务
股票代码                   593
上游关键词               节能服务up
下游关键词             节能服务down
Name: 12, dtype: object
2023-12-06 11:05:47,981 - INFO - 行 14 填充关键词结果: Unnamed: 0            14
股票名称                青岛双星
股票全称          青岛双星股份有限公司
社会统一信用代码             NaN
经营产品              橡胶机械产业
股票代码                 599
上游关键词           橡胶机械产业up
下游关键词         橡胶机械产业down
Name: 14, dtype: object
2023-12-06 11:05:52,079 - INFO - 行 15 填充关键词结果: Unnamed: 0             15
股票名称                 青岛双星
股票全称           青岛双星股份有限公司
社会统一信用代码              NaN
经营产品              卡客车专用轮胎
股票代码                  599
上游关键词           卡客车专用轮胎up
下游关键词         卡客车专用轮胎down
Name: 15, dtype: object
2023-12-06 11:05:52,093 - INFO - 行 17 填充关键词结果: Unnamed: 0              17
股票名称                  荣丰控股
股票全称          荣丰控股集团股份有限公司
社会统一信用代码               NaN
经营产品                 改善性住宅
股票代码                   668
上游关键词              改善性住宅up
下游关键词            改善性住宅down
Name: 17, dtype: object
2023-12-06 11:05:52,098 - INFO - 行 19 填充关键词结果: Unnamed: 0              19
股票名称                  襄阳轴承
股票全称          襄阳汽车轴承股份有限公司
社会统一信用代码               NaN
经营产品                圆锥滚子轴承
股票代码                   678
上游关键词             圆锥滚子轴承up
下游关键词           圆锥滚子轴承down
Name: 19, dtype: object
2023-12-06 11:05:52,099 - INFO - 行 18 填充关键词结果: Unnamed: 0              18
股票名称                  荣丰控股
股票全称          荣丰控股集团股份有限公司
社会统一信用代码               NaN
经营产品                高端办公物业
股票代码                   668
上游关键词             高端办公物业up
下游关键词           高端办公物业down
Name: 18, dtype: object
2023-12-06 11:05:52,101 - INFO - 行 16 填充关键词结果: Unnamed: 0            16
股票名称                青岛双星
股票全称          青岛双星股份有限公司
社会统一信用代码             NaN
经营产品              橡胶机械产业
股票代码                 599
上游关键词           橡胶机械产业up
下游关键词         橡胶机械产业down
Name: 16, dtype: object
2023-12-06 11:05:56,180 - INFO - 行 20 填充关键词结果: Unnamed: 0              20
股票名称                  襄阳轴承
股票全称          襄阳汽车轴承股份有限公司
社会统一信用代码               NaN
经营产品                  滚针轴承
股票代码                   678
上游关键词               滚针轴承up
下游关键词             滚针轴承down
Name: 20, dtype: object
2023-12-06 11:05:56,192 - INFO - 行 22 填充关键词结果: Unnamed: 0              22
股票名称                  襄阳轴承
股票全称          襄阳汽车轴承股份有限公司
社会统一信用代码               NaN
经营产品               离合器分离轴承
股票代码                   678
上游关键词            离合器分离轴承up
下游关键词          离合器分离轴承down
Name: 22, dtype: object
2023-12-06 11:05:56,192 - INFO - 行 23 填充关键词结果: Unnamed: 0              23
股票名称                  襄阳轴承
股票全称          襄阳汽车轴承股份有限公司
社会统一信用代码               NaN
经营产品                轿车轮毂轴承
股票代码                   678
上游关键词             轿车轮毂轴承up
下游关键词           轿车轮毂轴承down
Name: 23, dtype: object
2023-12-06 11:05:56,192 - INFO - 行 21 填充关键词结果: Unnamed: 0              21
股票名称                  襄阳轴承
股票全称          襄阳汽车轴承股份有限公司
社会统一信用代码               NaN
经营产品                   球轴承
股票代码                   678
上游关键词                球轴承up
下游关键词              球轴承down
Name: 21, dtype: object
2023-12-06 11:05:56,200 - INFO - 行 24 填充关键词结果: Unnamed: 0              24
股票名称                  襄阳轴承
股票全称          襄阳汽车轴承股份有限公司
社会统一信用代码               NaN
经营产品                高速滚动轴承
股票代码                   678
上游关键词             高速滚动轴承up
下游关键词           高速滚动轴承down
Name: 24, dtype: object
2023-12-06 11:06:00,258 - INFO - 行 25 填充关键词结果: Unnamed: 0            25
股票名称                恒逸石化
股票全称          恒逸石化股份有限公司
社会统一信用代码             NaN
经营产品                  汽油
股票代码                 703
上游关键词               汽油up
下游关键词             汽油down
Name: 25, dtype: object
2023-12-06 11:06:00,258 - INFO - 行 26 填充关键词结果: Unnamed: 0            26
股票名称                恒逸石化
股票全称          恒逸石化股份有限公司
社会统一信用代码             NaN
经营产品                  柴油
股票代码                 703
上游关键词               柴油up
下游关键词             柴油down
Name: 26, dtype: object
2023-12-06 11:06:00,268 - INFO - 行 28 填充关键词结果: Unnamed: 0            28
股票名称                恒逸石化
股票全称          恒逸石化股份有限公司
社会统一信用代码             NaN
经营产品                化工轻油
股票代码                 703
上游关键词             化工轻油up
下游关键词           化工轻油down
Name: 28, dtype: object
2023-12-06 11:06:00,268 - INFO - 行 29 填充关键词结果: Unnamed: 0            29
股票名称                恒逸石化
股票全称          恒逸石化股份有限公司
社会统一信用代码             NaN
经营产品               液化石油气
股票代码                 703
上游关键词            液化石油气up
下游关键词          液化石油气down
Name: 29, dtype: object
2023-12-06 11:06:00,268 - INFO - 行 27 填充关键词结果: Unnamed: 0            27
股票名称                恒逸石化
股票全称          恒逸石化股份有限公司
社会统一信用代码             NaN
经营产品                航空煤油
股票代码                 703
上游关键词             航空煤油up
下游关键词           航空煤油down
Name: 27, dtype: object
2023-12-06 11:06:04,346 - INFO - 行 31 填充关键词结果: Unnamed: 0            31
股票名称                中交地产
股票全称          中交地产股份有限公司
社会统一信用代码             NaN
经营产品               房地产经营
股票代码                 736
上游关键词            房地产经营up
下游关键词          房地产经营down
Name: 31, dtype: object
2023-12-06 11:06:04,347 - INFO - 行 30 填充关键词结果: Unnamed: 0            30
股票名称                中交地产
股票全称          中交地产股份有限公司
社会统一信用代码             NaN
经营产品               房地产开发
股票代码                 736
上游关键词            房地产开发up
下游关键词          房地产开发down
Name: 30, dtype: object
2023-12-06 11:06:04,347 - INFO - 行 32 填充关键词结果: Unnamed: 0            32
股票名称                中交地产
股票全称          中交地产股份有限公司
社会统一信用代码             NaN
经营产品                建筑材料
股票代码                 736
上游关键词             建筑材料up
下游关键词           建筑材料down
Name: 32, dtype: object
2023-12-06 11:06:04,353 - INFO - 行 33 填充关键词结果: Unnamed: 0            33
股票名称                中交地产
股票全称          中交地产股份有限公司
社会统一信用代码             NaN
经营产品                装饰材料
股票代码                 736
上游关键词             装饰材料up
下游关键词           装饰材料down
Name: 33, dtype: object
2023-12-06 11:06:04,353 - INFO - 行 34 填充关键词结果: Unnamed: 0               34
股票名称                    万年青
股票全称          江西万年青水泥股份有限公司
社会统一信用代码                NaN
经营产品                     商砼
股票代码                    789
上游关键词                  商砼up
下游关键词                商砼down
Name: 34, dtype: object
2023-12-06 11:06:08,408 - INFO - 行 35 填充关键词结果: Unnamed: 0               35
股票名称                    万年青
股票全称          江西万年青水泥股份有限公司
社会统一信用代码                NaN
经营产品                     骨料
股票代码                    789
上游关键词                  骨料up
下游关键词                骨料down
Name: 35, dtype: object
2023-12-06 11:06:08,422 - INFO - 行 36 填充关键词结果: Unnamed: 0               36
股票名称                    万年青
股票全称          江西万年青水泥股份有限公司
社会统一信用代码                NaN
经营产品                  商品混凝土
股票代码                    789
上游关键词               商品混凝土up
下游关键词             商品混凝土down
Name: 36, dtype: object
2023-12-06 11:06:08,424 - INFO - 行 37 填充关键词结果: Unnamed: 0              37
股票名称                  盐湖股份
股票全称          青海盐湖工业股份有限公司
社会统一信用代码               NaN
经营产品                   氯化钾
股票代码                   792
上游关键词                氯化钾up
下游关键词              氯化钾down
Name: 37, dtype: object
2023-12-06 11:06:08,431 - INFO - 行 38 填充关键词结果: Unnamed: 0                    38
股票名称                        铁岭新城
股票全称          铁岭新城投资控股(集团)股份有限公司
社会统一信用代码                     NaN
经营产品                    城市基础设施建设
股票代码                         809
上游关键词                 城市基础设施建设up
下游关键词               城市基础设施建设down
Name: 38, dtype: object
2023-12-06 11:06:08,431 - INFO - 行 39 填充关键词结果: Unnamed: 0                    39
股票名称                        铁岭新城
股票全称          铁岭新城投资控股(集团)股份有限公司
社会统一信用代码                     NaN
经营产品                      土地一级开发
股票代码                         809
上游关键词                   土地一级开发up
下游关键词                 土地一级开发down
Name: 39, dtype: object
2023-12-06 11:06:12,492 - INFO - 行 40 填充关键词结果: Unnamed: 0                    40
股票名称                        铁岭新城
股票全称          铁岭新城投资控股(集团)股份有限公司
社会统一信用代码                     NaN
经营产品                          供水
股票代码                         809
上游关键词                       供水up
下游关键词                     供水down
Name: 40, dtype: object
2023-12-06 11:06:12,504 - INFO - 行 42 填充关键词结果: Unnamed: 0                    42
股票名称                        铁岭新城
股票全称          铁岭新城投资控股(集团)股份有限公司
社会统一信用代码                     NaN
经营产品                      户外广告传媒
股票代码                         809
上游关键词                   户外广告传媒up
下游关键词                 户外广告传媒down
Name: 42, dtype: object
2023-12-06 11:06:12,504 - INFO - 行 41 填充关键词结果: Unnamed: 0                    41
股票名称                        铁岭新城
股票全称          铁岭新城投资控股(集团)股份有限公司
社会统一信用代码                     NaN
经营产品                        污水处理
股票代码                         809
上游关键词                     污水处理up
下游关键词                   污水处理down
Name: 41, dtype: object
2023-12-06 11:06:12,504 - INFO - 行 43 填充关键词结果: Unnamed: 0             43
股票名称                 德展健康
股票全称          德展大健康股份有限公司
社会统一信用代码              NaN
经营产品                血脂调节剂
股票代码                  813
上游关键词             血脂调节剂up
下游关键词           血脂调节剂down
Name: 43, dtype: object
2023-12-06 11:06:12,510 - INFO - 行 44 填充关键词结果: Unnamed: 0                 44
股票名称                     德展健康
股票全称              德展大健康股份有限公司
社会统一信用代码                  NaN
经营产品              氨氯地平阿托伐他汀钙片
股票代码                      813
上游关键词           氨氯地平阿托伐他汀钙片up
下游关键词         氨氯地平阿托伐他汀钙片down
Name: 44, dtype: object
2023-12-06 11:06:16,577 - INFO - 行 46 填充关键词结果: Unnamed: 0             46
股票名称                 德展健康
股票全称          德展大健康股份有限公司
社会统一信用代码              NaN
经营产品                凡乐片一型
股票代码                  813
上游关键词             凡乐片一型up
下游关键词           凡乐片一型down
Name: 46, dtype: object
2023-12-06 11:06:16,577 - INFO - 行 45 填充关键词结果: Unnamed: 0              45
股票名称                  德展健康
股票全称           德展大健康股份有限公司
社会统一信用代码               NaN
经营产品              盐酸曲美他嗪胶囊
股票代码                   813
上游关键词           盐酸曲美他嗪胶囊up
下游关键词         盐酸曲美他嗪胶囊down
Name: 45, dtype: object
2023-12-06 11:06:16,585 - INFO - 行 47 填充关键词结果: Unnamed: 0             47
股票名称                 德展健康
股票全称          德展大健康股份有限公司
社会统一信用代码              NaN
经营产品                凡乐片二型
股票代码                  813
上游关键词             凡乐片二型up
下游关键词           凡乐片二型down
Name: 47, dtype: object
2023-12-06 11:06:16,585 - INFO - 行 48 填充关键词结果: Unnamed: 0             48
股票名称                 德展健康
股票全称          德展大健康股份有限公司
社会统一信用代码              NaN
经营产品                硫唑嘌呤片
股票代码                  813
上游关键词             硫唑嘌呤片up
下游关键词           硫唑嘌呤片down
Name: 48, dtype: object
2023-12-06 11:06:16,611 - INFO - 行 49 填充关键词结果: Unnamed: 0             49
股票名称                 德展健康
股票全称          德展大健康股份有限公司
社会统一信用代码              NaN
经营产品               盐酸胺碘酮片
股票代码                  813
上游关键词            盐酸胺碘酮片up
下游关键词          盐酸胺碘酮片down
Name: 49, dtype: object
2023-12-06 11:06:20,644 - INFO - 行 50 填充关键词结果: Unnamed: 0             50
股票名称                 德展健康
股票全称          德展大健康股份有限公司
社会统一信用代码              NaN
经营产品                 羟基脲片
股票代码                  813
上游关键词              羟基脲片up
下游关键词            羟基脲片down
Name: 50, dtype: object
2023-12-06 11:08:18,635 - INFO - 行 1 填充关键词结果: Unnamed: 0                  1
股票名称                     ST深天
股票全称          深圳市天地(集团)股份有限公司
社会统一信用代码                  NaN
经营产品                    商品混凝土
股票代码                       23
上游关键词                 商品混凝土up
下游关键词               商品混凝土down
Name: 1, dtype: object
2023-12-06 11:08:18,649 - INFO - 行 2 填充关键词结果: Unnamed: 0                  2
股票名称                     ST深天
股票全称          深圳市天地(集团)股份有限公司
社会统一信用代码                  NaN
经营产品                     水泥制品
股票代码                       23
上游关键词                  水泥制品up
下游关键词                水泥制品down
Name: 2, dtype: object
2023-12-06 11:08:18,649 - INFO - 行 0 填充关键词结果: Unnamed: 0             0
股票名称                沙河股份
股票全称          沙河实业股份有限公司
社会统一信用代码             NaN
经营产品               房地产开发
股票代码                  14
上游关键词            房地产开发up
下游关键词          房地产开发down
Name: 0, dtype: object
2023-12-06 11:08:18,649 - INFO - 行 3 填充关键词结果: Unnamed: 0                  3
股票名称                     ST深天
股票全称          深圳市天地(集团)股份有限公司
社会统一信用代码                  NaN
经营产品                   机电设备维修
股票代码                       23
上游关键词                机电设备维修up
下游关键词              机电设备维修down
Name: 3, dtype: object
2023-12-06 11:08:18,663 - INFO - 行 4 填充关键词结果: Unnamed: 0               4
股票名称                  深南电A
股票全称          深圳南山热电股份有限公司
社会统一信用代码               NaN
经营产品                    供电
股票代码                    37
上游关键词                 供电up
下游关键词               供电down
Name: 4, dtype: object
2023-12-06 11:08:22,799 - INFO - 行 5 填充关键词结果: Unnamed: 0               5
股票名称                  深南电A
股票全称          深圳南山热电股份有限公司
社会统一信用代码               NaN
经营产品                    供热
股票代码                    37
上游关键词                 供热up
下游关键词               供热down
Name: 5, dtype: object
2023-12-06 11:08:22,809 - INFO - 行 7 填充关键词结果: Unnamed: 0                  7
股票名称                     中洲控股
股票全称          深圳市中洲投资控股股份有限公司
社会统一信用代码                  NaN
经营产品                       酒店
股票代码                       42
上游关键词                    酒店up
下游关键词                  酒店down
Name: 7, dtype: object
2023-12-06 11:08:22,810 - INFO - 行 6 填充关键词结果: Unnamed: 0               6
股票名称                  深南电A
股票全称          深圳南山热电股份有限公司
社会统一信用代码               NaN
经营产品               发电厂技术服务
股票代码                    37
上游关键词            发电厂技术服务up
下游关键词          发电厂技术服务down
Name: 6, dtype: object
2023-12-06 11:08:22,810 - INFO - 行 8 填充关键词结果: Unnamed: 0                  8
股票名称                     中洲控股
股票全称          深圳市中洲投资控股股份有限公司
社会统一信用代码                  NaN
经营产品                   建筑安装工程
股票代码                       42
上游关键词                建筑安装工程up
下游关键词              建筑安装工程down
Name: 8, dtype: object
2023-12-06 11:08:22,810 - INFO - 行 9 填充关键词结果: Unnamed: 0                   9
股票名称                      神州信息
股票全称          神州数码信息服务集团股份有限公司
社会统一信用代码                   NaN
经营产品                      系统集成
股票代码                       555
上游关键词                   系统集成up
下游关键词                 系统集成down
Name: 9, dtype: object
2023-12-06 11:08:26,907 - INFO - 行 10 填充关键词结果: Unnamed: 0                  10
股票名称                      神州信息
股票全称          神州数码信息服务集团股份有限公司
社会统一信用代码                   NaN
经营产品                      智能银行
股票代码                       555
上游关键词                   智能银行up
下游关键词                 智能银行down
Name: 10, dtype: object
2023-12-06 11:08:26,908 - INFO - 行 11 填充关键词结果: Unnamed: 0                  11
股票名称                      神州信息
股票全称          神州数码信息服务集团股份有限公司
社会统一信用代码                   NaN
经营产品                       云计算
股票代码                       555
上游关键词                    云计算up
下游关键词                  云计算down
Name: 11, dtype: object
2023-12-06 11:08:26,922 - INFO - 行 13 填充关键词结果: Unnamed: 0                13
股票名称                    德龙汇能
股票全称            德龙汇能集团股份有限公司
社会统一信用代码                 NaN
经营产品              清洁能源综合供应方案
股票代码                     593
上游关键词           清洁能源综合供应方案up
下游关键词         清洁能源综合供应方案down
Name: 13, dtype: object
2023-12-06 11:08:26,922 - INFO - 行 12 填充关键词结果: Unnamed: 0              12
股票名称                  德龙汇能
股票全称          德龙汇能集团股份有限公司
社会统一信用代码               NaN
经营产品                  节能服务
股票代码                   593
上游关键词               节能服务up
下游关键词             节能服务down
Name: 12, dtype: object
2023-12-06 11:08:26,932 - INFO - 行 14 填充关键词结果: Unnamed: 0            14
股票名称                青岛双星
股票全称          青岛双星股份有限公司
社会统一信用代码             NaN
经营产品              橡胶机械产业
股票代码                 599
上游关键词           橡胶机械产业up
下游关键词         橡胶机械产业down
Name: 14, dtype: object
2023-12-06 11:08:30,989 - INFO - 行 15 填充关键词结果: Unnamed: 0             15
股票名称                 青岛双星
股票全称           青岛双星股份有限公司
社会统一信用代码              NaN
经营产品              卡客车专用轮胎
股票代码                  599
上游关键词           卡客车专用轮胎up
下游关键词         卡客车专用轮胎down
Name: 15, dtype: object
2023-12-06 11:08:30,997 - INFO - 行 16 填充关键词结果: Unnamed: 0            16
股票名称                青岛双星
股票全称          青岛双星股份有限公司
社会统一信用代码             NaN
经营产品              橡胶机械产业
股票代码                 599
上游关键词           橡胶机械产业up
下游关键词         橡胶机械产业down
Name: 16, dtype: object
2023-12-06 11:08:31,002 - INFO - 行 17 填充关键词结果: Unnamed: 0              17
股票名称                  荣丰控股
股票全称          荣丰控股集团股份有限公司
社会统一信用代码               NaN
经营产品                 改善性住宅
股票代码                   668
上游关键词              改善性住宅up
下游关键词            改善性住宅down
Name: 17, dtype: object
2023-12-06 11:08:31,004 - INFO - 行 18 填充关键词结果: Unnamed: 0              18
股票名称                  荣丰控股
股票全称          荣丰控股集团股份有限公司
社会统一信用代码               NaN
经营产品                高端办公物业
股票代码                   668
上游关键词             高端办公物业up
下游关键词           高端办公物业down
Name: 18, dtype: object
2023-12-06 11:08:31,004 - INFO - 行 19 填充关键词结果: Unnamed: 0              19
股票名称                  襄阳轴承
股票全称          襄阳汽车轴承股份有限公司
社会统一信用代码               NaN
经营产品                圆锥滚子轴承
股票代码                   678
上游关键词             圆锥滚子轴承up
下游关键词           圆锥滚子轴承down
Name: 19, dtype: object
2023-12-06 11:08:35,095 - INFO - 行 20 填充关键词结果: Unnamed: 0              20
股票名称                  襄阳轴承
股票全称          襄阳汽车轴承股份有限公司
社会统一信用代码               NaN
经营产品                  滚针轴承
股票代码                   678
上游关键词               滚针轴承up
下游关键词             滚针轴承down
Name: 20, dtype: object
2023-12-06 11:08:35,096 - INFO - 行 21 填充关键词结果: Unnamed: 0              21
股票名称                  襄阳轴承
股票全称          襄阳汽车轴承股份有限公司
社会统一信用代码               NaN
经营产品                   球轴承
股票代码                   678
上游关键词                球轴承up
下游关键词              球轴承down
Name: 21, dtype: object
2023-12-06 11:08:35,106 - INFO - 行 22 填充关键词结果: Unnamed: 0              22
股票名称                  襄阳轴承
股票全称          襄阳汽车轴承股份有限公司
社会统一信用代码               NaN
经营产品               离合器分离轴承
股票代码                   678
上游关键词            离合器分离轴承up
下游关键词          离合器分离轴承down
Name: 22, dtype: object
2023-12-06 11:08:35,106 - INFO - 行 23 填充关键词结果: Unnamed: 0              23
股票名称                  襄阳轴承
股票全称          襄阳汽车轴承股份有限公司
社会统一信用代码               NaN
经营产品                轿车轮毂轴承
股票代码                   678
上游关键词             轿车轮毂轴承up
下游关键词           轿车轮毂轴承down
Name: 23, dtype: object
2023-12-06 11:08:35,110 - INFO - 行 24 填充关键词结果: Unnamed: 0              24
股票名称                  襄阳轴承
股票全称          襄阳汽车轴承股份有限公司
社会统一信用代码               NaN
经营产品                高速滚动轴承
股票代码                   678
上游关键词             高速滚动轴承up
下游关键词           高速滚动轴承down
Name: 24, dtype: object
2023-12-06 11:08:39,179 - INFO - 行 25 填充关键词结果: Unnamed: 0            25
股票名称                恒逸石化
股票全称          恒逸石化股份有限公司
社会统一信用代码             NaN
经营产品                  汽油
股票代码                 703
上游关键词               汽油up
下游关键词             汽油down
Name: 25, dtype: object
2023-12-06 11:08:39,186 - INFO - 行 28 填充关键词结果: Unnamed: 0            28
股票名称                恒逸石化
股票全称          恒逸石化股份有限公司
社会统一信用代码             NaN
经营产品                化工轻油
股票代码                 703
上游关键词             化工轻油up
下游关键词           化工轻油down
Name: 28, dtype: object
2023-12-06 11:08:39,186 - INFO - 行 26 填充关键词结果: Unnamed: 0            26
股票名称                恒逸石化
股票全称          恒逸石化股份有限公司
社会统一信用代码             NaN
经营产品                  柴油
股票代码                 703
上游关键词               柴油up
下游关键词             柴油down
Name: 26, dtype: object
2023-12-06 11:08:39,186 - INFO - 行 27 填充关键词结果: Unnamed: 0            27
股票名称                恒逸石化
股票全称          恒逸石化股份有限公司
社会统一信用代码             NaN
经营产品                航空煤油
股票代码                 703
上游关键词             航空煤油up
下游关键词           航空煤油down
Name: 27, dtype: object
2023-12-06 11:08:39,186 - INFO - 行 29 填充关键词结果: Unnamed: 0            29
股票名称                恒逸石化
股票全称          恒逸石化股份有限公司
社会统一信用代码             NaN
经营产品               液化石油气
股票代码                 703
上游关键词            液化石油气up
下游关键词          液化石油气down
Name: 29, dtype: object
2023-12-06 11:08:43,274 - INFO - 行 30 填充关键词结果: Unnamed: 0            30
股票名称                中交地产
股票全称          中交地产股份有限公司
社会统一信用代码             NaN
经营产品               房地产开发
股票代码                 736
上游关键词            房地产开发up
下游关键词          房地产开发down
Name: 30, dtype: object
2023-12-06 11:08:43,279 - INFO - 行 31 填充关键词结果: Unnamed: 0            31
股票名称                中交地产
股票全称          中交地产股份有限公司
社会统一信用代码             NaN
经营产品               房地产经营
股票代码                 736
上游关键词            房地产经营up
下游关键词          房地产经营down
Name: 31, dtype: object
2023-12-06 11:08:43,283 - INFO - 行 32 填充关键词结果: Unnamed: 0            32
股票名称                中交地产
股票全称          中交地产股份有限公司
社会统一信用代码             NaN
经营产品                建筑材料
股票代码                 736
上游关键词             建筑材料up
下游关键词           建筑材料down
Name: 32, dtype: object
2023-12-06 11:08:43,284 - INFO - 行 34 填充关键词结果: Unnamed: 0               34
股票名称                    万年青
股票全称          江西万年青水泥股份有限公司
社会统一信用代码                NaN
经营产品                     商砼
股票代码                    789
上游关键词                  商砼up
下游关键词                商砼down
Name: 34, dtype: object
2023-12-06 11:08:43,285 - INFO - 行 33 填充关键词结果: Unnamed: 0            33
股票名称                中交地产
股票全称          中交地产股份有限公司
社会统一信用代码             NaN
经营产品                装饰材料
股票代码                 736
上游关键词             装饰材料up
下游关键词           装饰材料down
Name: 33, dtype: object
2023-12-06 11:08:47,368 - INFO - 行 35 填充关键词结果: Unnamed: 0               35
股票名称                    万年青
股票全称          江西万年青水泥股份有限公司
社会统一信用代码                NaN
经营产品                     骨料
股票代码                    789
上游关键词                  骨料up
下游关键词                骨料down
Name: 35, dtype: object
2023-12-06 11:08:47,369 - INFO - 行 37 填充关键词结果: Unnamed: 0              37
股票名称                  盐湖股份
股票全称          青海盐湖工业股份有限公司
社会统一信用代码               NaN
经营产品                   氯化钾
股票代码                   792
上游关键词                氯化钾up
下游关键词              氯化钾down
Name: 37, dtype: object
2023-12-06 11:08:47,369 - INFO - 行 36 填充关键词结果: Unnamed: 0               36
股票名称                    万年青
股票全称          江西万年青水泥股份有限公司
社会统一信用代码                NaN
经营产品                  商品混凝土
股票代码                    789
上游关键词               商品混凝土up
下游关键词             商品混凝土down
Name: 36, dtype: object
2023-12-06 11:08:47,375 - INFO - 行 38 填充关键词结果: Unnamed: 0                    38
股票名称                        铁岭新城
股票全称          铁岭新城投资控股(集团)股份有限公司
社会统一信用代码                     NaN
经营产品                    城市基础设施建设
股票代码                         809
上游关键词                 城市基础设施建设up
下游关键词               城市基础设施建设down
Name: 38, dtype: object
2023-12-06 11:08:47,375 - INFO - 行 39 填充关键词结果: Unnamed: 0                    39
股票名称                        铁岭新城
股票全称          铁岭新城投资控股(集团)股份有限公司
社会统一信用代码                     NaN
经营产品                      土地一级开发
股票代码                         809
上游关键词                   土地一级开发up
下游关键词                 土地一级开发down
Name: 39, dtype: object
2023-12-06 11:08:51,454 - INFO - 行 40 填充关键词结果: Unnamed: 0                    40
股票名称                        铁岭新城
股票全称          铁岭新城投资控股(集团)股份有限公司
社会统一信用代码                     NaN
经营产品                          供水
股票代码                         809
上游关键词                       供水up
下游关键词                     供水down
Name: 40, dtype: object
2023-12-06 11:08:51,454 - INFO - 行 41 填充关键词结果: Unnamed: 0                    41
股票名称                        铁岭新城
股票全称          铁岭新城投资控股(集团)股份有限公司
社会统一信用代码                     NaN
经营产品                        污水处理
股票代码                         809
上游关键词                     污水处理up
下游关键词                   污水处理down
Name: 41, dtype: object
2023-12-06 11:08:51,488 - INFO - 行 42 填充关键词结果: Unnamed: 0                    42
股票名称                        铁岭新城
股票全称          铁岭新城投资控股(集团)股份有限公司
社会统一信用代码                     NaN
经营产品                      户外广告传媒
股票代码                         809
上游关键词                   户外广告传媒up
下游关键词                 户外广告传媒down
Name: 42, dtype: object
2023-12-06 11:08:51,488 - INFO - 行 44 填充关键词结果: Unnamed: 0                 44
股票名称                     德展健康
股票全称              德展大健康股份有限公司
社会统一信用代码                  NaN
经营产品              氨氯地平阿托伐他汀钙片
股票代码                      813
上游关键词           氨氯地平阿托伐他汀钙片up
下游关键词         氨氯地平阿托伐他汀钙片down
Name: 44, dtype: object
2023-12-06 11:08:51,488 - INFO - 行 43 填充关键词结果: Unnamed: 0             43
股票名称                 德展健康
股票全称          德展大健康股份有限公司
社会统一信用代码              NaN
经营产品                血脂调节剂
股票代码                  813
上游关键词             血脂调节剂up
下游关键词           血脂调节剂down
Name: 43, dtype: object
2023-12-06 11:08:55,521 - INFO - 行 45 填充关键词结果: Unnamed: 0              45
股票名称                  德展健康
股票全称           德展大健康股份有限公司
社会统一信用代码               NaN
经营产品              盐酸曲美他嗪胶囊
股票代码                   813
上游关键词           盐酸曲美他嗪胶囊up
下游关键词         盐酸曲美他嗪胶囊down
Name: 45, dtype: object
2023-12-06 11:08:55,522 - INFO - 行 46 填充关键词结果: Unnamed: 0             46
股票名称                 德展健康
股票全称          德展大健康股份有限公司
社会统一信用代码              NaN
经营产品                凡乐片一型
股票代码                  813
上游关键词             凡乐片一型up
下游关键词           凡乐片一型down
Name: 46, dtype: object
2023-12-06 11:08:55,551 - INFO - 行 47 填充关键词结果: Unnamed: 0             47
股票名称                 德展健康
股票全称          德展大健康股份有限公司
社会统一信用代码              NaN
经营产品                凡乐片二型
股票代码                  813
上游关键词             凡乐片二型up
下游关键词           凡乐片二型down
Name: 47, dtype: object
2023-12-06 11:08:55,555 - INFO - 行 48 填充关键词结果: Unnamed: 0             48
股票名称                 德展健康
股票全称          德展大健康股份有限公司
社会统一信用代码              NaN
经营产品                硫唑嘌呤片
股票代码                  813
上游关键词             硫唑嘌呤片up
下游关键词           硫唑嘌呤片down
Name: 48, dtype: object
2023-12-06 11:08:55,560 - INFO - 行 49 填充关键词结果: Unnamed: 0             49
股票名称                 德展健康
股票全称          德展大健康股份有限公司
社会统一信用代码              NaN
经营产品               盐酸胺碘酮片
股票代码                  813
上游关键词            盐酸胺碘酮片up
下游关键词          盐酸胺碘酮片down
Name: 49, dtype: object
2023-12-06 11:08:59,558 - INFO - 行 50 填充关键词结果: Unnamed: 0             50
股票名称                 德展健康
股票全称          德展大健康股份有限公司
社会统一信用代码              NaN
经营产品                 羟基脲片
股票代码                  813
上游关键词              羟基脲片up
下游关键词            羟基脲片down
Name: 50, dtype: object
2023-12-06 11:12:03,416 - INFO - 行 0 上游关键词结果: 房地产开发up || 下游关键词结果: 房地产开发down
2023-12-06 11:12:03,416 - INFO - 行 2 上游关键词结果: 水泥制品up || 下游关键词结果: 水泥制品down
2023-12-06 11:12:03,432 - INFO - 行 3 上游关键词结果: 机电设备维修up || 下游关键词结果: 机电设备维修down
2023-12-06 11:12:03,434 - INFO - 行 4 上游关键词结果: 供电up || 下游关键词结果: 供电down
2023-12-06 11:12:03,439 - INFO - 行 1 上游关键词结果: 商品混凝土up || 下游关键词结果: 商品混凝土down
2023-12-06 11:12:07,535 - INFO - 行 5 上游关键词结果: 供热up || 下游关键词结果: 供热down
2023-12-06 11:12:07,544 - INFO - 行 7 上游关键词结果: 酒店up || 下游关键词结果: 酒店down
2023-12-06 11:12:07,544 - INFO - 行 6 上游关键词结果: 发电厂技术服务up || 下游关键词结果: 发电厂技术服务down
2023-12-06 11:12:07,548 - INFO - 行 8 上游关键词结果: 建筑安装工程up || 下游关键词结果: 建筑安装工程down
2023-12-06 11:12:07,551 - INFO - 行 9 上游关键词结果: 系统集成up || 下游关键词结果: 系统集成down
2023-12-06 11:12:11,611 - INFO - 行 10 上游关键词结果: 智能银行up || 下游关键词结果: 智能银行down
2023-12-06 11:12:11,634 - INFO - 行 11 上游关键词结果: 云计算up || 下游关键词结果: 云计算down
2023-12-06 11:12:11,634 - INFO - 行 12 上游关键词结果: 节能服务up || 下游关键词结果: 节能服务down
2023-12-06 11:12:11,634 - INFO - 行 13 上游关键词结果: 清洁能源综合供应方案up || 下游关键词结果: 清洁能源综合供应方案down
2023-12-06 11:12:11,641 - INFO - 行 14 上游关键词结果: 橡胶机械产业up || 下游关键词结果: 橡胶机械产业down
2023-12-06 11:12:15,705 - INFO - 行 15 上游关键词结果: 卡客车专用轮胎up || 下游关键词结果: 卡客车专用轮胎down
2023-12-06 11:12:15,715 - INFO - 行 16 上游关键词结果: 橡胶机械产业up || 下游关键词结果: 橡胶机械产业down
2023-12-06 11:12:15,723 - INFO - 行 17 上游关键词结果: 改善性住宅up || 下游关键词结果: 改善性住宅down
2023-12-06 11:12:15,723 - INFO - 行 18 上游关键词结果: 高端办公物业up || 下游关键词结果: 高端办公物业down
2023-12-06 11:12:15,724 - INFO - 行 19 上游关键词结果: 圆锥滚子轴承up || 下游关键词结果: 圆锥滚子轴承down
2023-12-06 11:12:19,815 - INFO - 行 20 上游关键词结果: 滚针轴承up || 下游关键词结果: 滚针轴承down
2023-12-06 11:12:19,815 - INFO - 行 21 上游关键词结果: 球轴承up || 下游关键词结果: 球轴承down
2023-12-06 11:12:19,828 - INFO - 行 22 上游关键词结果: 离合器分离轴承up || 下游关键词结果: 离合器分离轴承down
2023-12-06 11:12:19,828 - INFO - 行 24 上游关键词结果: 高速滚动轴承up || 下游关键词结果: 高速滚动轴承down
2023-12-06 11:12:19,828 - INFO - 行 23 上游关键词结果: 轿车轮毂轴承up || 下游关键词结果: 轿车轮毂轴承down
2023-12-06 11:12:23,953 - INFO - 行 25 上游关键词结果: 汽油up || 下游关键词结果: 汽油down
2023-12-06 11:12:23,955 - INFO - 行 26 上游关键词结果: 柴油up || 下游关键词结果: 柴油down
2023-12-06 11:12:23,965 - INFO - 行 28 上游关键词结果: 化工轻油up || 下游关键词结果: 化工轻油down
2023-12-06 11:12:23,965 - INFO - 行 27 上游关键词结果: 航空煤油up || 下游关键词结果: 航空煤油down
2023-12-06 11:12:23,975 - INFO - 行 29 上游关键词结果: 液化石油气up || 下游关键词结果: 液化石油气down
2023-12-06 11:12:28,033 - INFO - 行 30 上游关键词结果: 房地产开发up || 下游关键词结果: 房地产开发down
2023-12-06 11:12:28,073 - INFO - 行 33 上游关键词结果: 装饰材料up || 下游关键词结果: 装饰材料down
2023-12-06 11:12:28,073 - INFO - 行 32 上游关键词结果: 建筑材料up || 下游关键词结果: 建筑材料down
2023-12-06 11:12:28,073 - INFO - 行 31 上游关键词结果: 房地产经营up || 下游关键词结果: 房地产经营down
2023-12-06 11:12:28,081 - INFO - 行 34 上游关键词结果: 商砼up || 下游关键词结果: 商砼down
2023-12-06 11:12:32,062 - INFO - 行 35 上游关键词结果: 骨料up || 下游关键词结果: 骨料down
2023-12-06 11:12:32,149 - INFO - 行 36 上游关键词结果: 商品混凝土up || 下游关键词结果: 商品混凝土down
2023-12-06 11:12:32,150 - INFO - 行 38 上游关键词结果: 城市基础设施建设up || 下游关键词结果: 城市基础设施建设down
2023-12-06 11:12:32,151 - INFO - 行 37 上游关键词结果: 氯化钾up || 下游关键词结果: 氯化钾down
2023-12-06 11:12:32,161 - INFO - 行 39 上游关键词结果: 土地一级开发up || 下游关键词结果: 土地一级开发down
2023-12-06 11:12:36,088 - INFO - 行 40 上游关键词结果: 供水up || 下游关键词结果: 供水down
2023-12-06 11:12:36,219 - INFO - 行 41 上游关键词结果: 污水处理up || 下游关键词结果: 污水处理down
2023-12-06 11:12:36,221 - INFO - 行 42 上游关键词结果: 户外广告传媒up || 下游关键词结果: 户外广告传媒down
2023-12-06 11:12:36,224 - INFO - 行 43 上游关键词结果: 血脂调节剂up || 下游关键词结果: 血脂调节剂down
2023-12-06 11:12:36,228 - INFO - 行 44 上游关键词结果: 氨氯地平阿托伐他汀钙片up || 下游关键词结果: 氨氯地平阿托伐他汀钙片down
2023-12-06 11:12:40,119 - INFO - 行 45 上游关键词结果: 盐酸曲美他嗪胶囊up || 下游关键词结果: 盐酸曲美他嗪胶囊down
2023-12-06 11:12:40,300 - INFO - 行 46 上游关键词结果: 凡乐片一型up || 下游关键词结果: 凡乐片一型down
2023-12-06 11:12:40,303 - INFO - 行 47 上游关键词结果: 凡乐片二型up || 下游关键词结果: 凡乐片二型down
2023-12-06 11:12:40,309 - INFO - 行 48 上游关键词结果: 硫唑嘌呤片up || 下游关键词结果: 硫唑嘌呤片down
2023-12-06 11:12:40,317 - INFO - 行 49 上游关键词结果: 盐酸胺碘酮片up || 下游关键词结果: 盐酸胺碘酮片down
2023-12-06 11:12:44,147 - INFO - 行 50 上游关键词结果: 羟基脲片up || 下游关键词结果: 羟基脲片down
2023-12-06 11:34:33,257 - INFO - ---gpt error: prefigx error---
2023-12-06 11:34:33,259 - INFO - ---gpt error: prefigx error---
2023-12-06 11:34:33,260 - INFO - ---gpt error: prefigx error---
2023-12-06 11:34:33,260 - INFO - ---gpt error: prefigx error---
2023-12-06 11:34:33,260 - INFO - ---gpt error: prefigx error---
2023-12-06 11:34:33,270 - INFO - 行 0 上游关键词结果: 房地产开发up || 下游关键词结果: 房地产开发：
2023-12-06 11:34:33,272 - INFO - 行 1 上游关键词结果: 商品混凝土up || 下游关键词结果: 商品混凝土：
2023-12-06 11:34:33,277 - INFO - 行 4 上游关键词结果: 供电up || 下游关键词结果: 供电：
2023-12-06 11:34:33,277 - INFO - 行 2 上游关键词结果: 水泥制品up || 下游关键词结果: 水泥制品：
2023-12-06 11:34:33,277 - INFO - 行 3 上游关键词结果: 机电设备维修up || 下游关键词结果: 机电设备维修：
2023-12-06 11:34:37,406 - INFO - ---gpt error: prefigx error---
2023-12-06 11:34:37,413 - INFO - ---gpt error: prefigx error---
2023-12-06 11:34:37,420 - INFO - ---gpt error: prefigx error---
2023-12-06 11:34:37,421 - INFO - ---gpt error: prefigx error---
2023-12-06 11:34:37,422 - INFO - 行 5 上游关键词结果: 供热up || 下游关键词结果: 供热：
2023-12-06 11:34:37,423 - INFO - ---gpt error: prefigx error---
2023-12-06 11:34:37,425 - INFO - 行 6 上游关键词结果: 发电厂技术服务up || 下游关键词结果: 发电厂技术服务：
2023-12-06 11:34:37,426 - INFO - 行 7 上游关键词结果: 酒店up || 下游关键词结果: 酒店：
2023-12-06 11:34:37,428 - INFO - 行 8 上游关键词结果: 建筑安装工程up || 下游关键词结果: 建筑安装工程：
2023-12-06 11:34:37,434 - INFO - 行 9 上游关键词结果: 系统集成up || 下游关键词结果: 系统集成：
2023-12-06 11:34:41,530 - INFO - ---gpt error: prefigx error---
2023-12-06 11:34:41,533 - INFO - ---gpt error: prefigx error---
2023-12-06 11:34:41,537 - INFO - ---gpt error: prefigx error---
2023-12-06 11:34:41,537 - INFO - ---gpt error: prefigx error---
2023-12-06 11:34:41,552 - INFO - ---gpt error: prefigx error---
2023-12-06 11:34:41,559 - INFO - 行 10 上游关键词结果: 智能银行up || 下游关键词结果: 智能银行：
2023-12-06 11:34:41,570 - INFO - 行 11 上游关键词结果: 云计算up || 下游关键词结果: 云计算：
2023-12-06 11:34:41,575 - INFO - 行 12 上游关键词结果: 节能服务up || 下游关键词结果: 节能服务：
2023-12-06 11:34:41,575 - INFO - 行 14 上游关键词结果: 橡胶机械产业up || 下游关键词结果: 橡胶机械产业：
2023-12-06 11:34:41,584 - INFO - 行 13 上游关键词结果: 清洁能源综合供应方案up || 下游关键词结果: 清洁能源综合供应方案：
2023-12-06 11:34:45,695 - INFO - ---gpt error: prefigx error---
2023-12-06 11:34:45,695 - INFO - ---gpt error: prefigx error---
2023-12-06 11:34:45,695 - INFO - ---gpt error: prefigx error---
2023-12-06 11:34:45,695 - INFO - ---gpt error: prefigx error---
2023-12-06 11:34:45,695 - INFO - ---gpt error: prefigx error---
2023-12-06 11:34:45,710 - INFO - 行 18 上游关键词结果: 高端办公物业up || 下游关键词结果: 高端办公物业：
2023-12-06 11:34:45,710 - INFO - 行 17 上游关键词结果: 改善性住宅up || 下游关键词结果: 改善性住宅：
2023-12-06 11:34:45,710 - INFO - 行 16 上游关键词结果: 橡胶机械产业up || 下游关键词结果: 橡胶机械产业：
2023-12-06 11:34:45,710 - INFO - 行 15 上游关键词结果: 卡客车专用轮胎up || 下游关键词结果: 卡客车专用轮胎：
2023-12-06 11:34:45,726 - INFO - 行 19 上游关键词结果: 圆锥滚子轴承up || 下游关键词结果: 圆锥滚子轴承：
2023-12-06 11:34:49,800 - INFO - ---gpt error: prefigx error---
2023-12-06 11:34:49,803 - INFO - ---gpt error: prefigx error---
2023-12-06 11:34:49,803 - INFO - 行 20 上游关键词结果: 滚针轴承up || 下游关键词结果: 滚针轴承：
2023-12-06 11:34:49,803 - INFO - 行 21 上游关键词结果: 球轴承up || 下游关键词结果: 球轴承：
2023-12-06 11:34:49,811 - INFO - ---gpt error: prefigx error---
2023-12-06 11:34:49,811 - INFO - ---gpt error: prefigx error---
2023-12-06 11:34:49,824 - INFO - 行 23 上游关键词结果: 轿车轮毂轴承up || 下游关键词结果: 轿车轮毂轴承：
2023-12-06 11:34:49,824 - INFO - ---gpt error: prefigx error---
2023-12-06 11:34:49,824 - INFO - 行 22 上游关键词结果: 离合器分离轴承up || 下游关键词结果: 离合器分离轴承：
2023-12-06 11:34:49,838 - INFO - 行 24 上游关键词结果: 高速滚动轴承up || 下游关键词结果: 高速滚动轴承：
2023-12-06 11:34:53,920 - INFO - ---gpt error: prefigx error---
2023-12-06 11:34:53,925 - INFO - ---gpt error: prefigx error---
2023-12-06 11:34:53,928 - INFO - ---gpt error: prefigx error---
2023-12-06 11:34:53,930 - INFO - ---gpt error: prefigx error---
2023-12-06 11:34:53,931 - INFO - 行 25 上游关键词结果: 汽油up || 下游关键词结果: 汽油：
2023-12-06 11:34:53,931 - INFO - ---gpt error: prefigx error---
2023-12-06 11:34:53,934 - INFO - 行 26 上游关键词结果: 柴油up || 下游关键词结果: 柴油：
2023-12-06 11:34:53,935 - INFO - 行 27 上游关键词结果: 航空煤油up || 下游关键词结果: 航空煤油：
2023-12-06 11:34:53,936 - INFO - 行 29 上游关键词结果: 液化石油气up || 下游关键词结果: 液化石油气：
2023-12-06 11:34:53,941 - INFO - 行 28 上游关键词结果: 化工轻油up || 下游关键词结果: 化工轻油：
2023-12-06 11:34:58,038 - INFO - ---gpt error: prefigx error---
2023-12-06 11:34:58,042 - INFO - ---gpt error: prefigx error---
2023-12-06 11:34:58,045 - INFO - ---gpt error: prefigx error---
2023-12-06 11:34:58,052 - INFO - ---gpt error: prefigx error---
2023-12-06 11:34:58,052 - INFO - ---gpt error: prefigx error---
2023-12-06 11:34:58,066 - INFO - 行 30 上游关键词结果: 房地产开发up || 下游关键词结果: 房地产开发：
2023-12-06 11:34:58,068 - INFO - 行 31 上游关键词结果: 房地产经营up || 下游关键词结果: 房地产经营：
2023-12-06 11:34:58,075 - INFO - 行 32 上游关键词结果: 建筑材料up || 下游关键词结果: 建筑材料：
2023-12-06 11:34:58,077 - INFO - 行 34 上游关键词结果: 商砼up || 下游关键词结果: 商砼：
2023-12-06 11:34:58,079 - INFO - 行 33 上游关键词结果: 装饰材料up || 下游关键词结果: 装饰材料：
2023-12-06 11:35:02,164 - INFO - ---gpt error: prefigx error---
2023-12-06 11:35:02,164 - INFO - ---gpt error: prefigx error---
2023-12-06 11:35:02,173 - INFO - ---gpt error: prefigx error---
2023-12-06 11:35:02,173 - INFO - ---gpt error: prefigx error---
2023-12-06 11:35:02,173 - INFO - ---gpt error: prefigx error---
2023-12-06 11:35:02,189 - INFO - 行 35 上游关键词结果: 骨料up || 下游关键词结果: 骨料：
2023-12-06 11:35:02,189 - INFO - 行 37 上游关键词结果: 氯化钾up || 下游关键词结果: 氯化钾：
2023-12-06 11:35:02,196 - INFO - 行 36 上游关键词结果: 商品混凝土up || 下游关键词结果: 商品混凝土：
2023-12-06 11:35:02,197 - INFO - 行 39 上游关键词结果: 土地一级开发up || 下游关键词结果: 土地一级开发：
2023-12-06 11:35:02,198 - INFO - 行 38 上游关键词结果: 城市基础设施建设up || 下游关键词结果: 城市基础设施建设：
2023-12-06 11:35:06,277 - INFO - ---gpt error: prefigx error---
2023-12-06 11:35:06,277 - INFO - 行 40 上游关键词结果: 供水up || 下游关键词结果: 供水：
2023-12-06 11:35:06,288 - INFO - ---gpt error: prefigx error---
2023-12-06 11:35:06,289 - INFO - ---gpt error: prefigx error---
2023-12-06 11:35:06,289 - INFO - ---gpt error: prefigx error---
2023-12-06 11:35:06,296 - INFO - 行 42 上游关键词结果: 户外广告传媒up || 下游关键词结果: 户外广告传媒：
2023-12-06 11:35:06,296 - INFO - ---gpt error: prefigx error---
2023-12-06 11:35:06,296 - INFO - 行 43 上游关键词结果: 血脂调节剂up || 下游关键词结果: 血脂调节剂：
2023-12-06 11:35:06,301 - INFO - 行 41 上游关键词结果: 污水处理up || 下游关键词结果: 污水处理：
2023-12-06 11:35:06,303 - INFO - 行 44 上游关键词结果: 氨氯地平阿托伐他汀钙片up || 下游关键词结果: 氨氯地平阿托伐他汀钙片：
2023-12-06 11:35:10,395 - INFO - ---gpt error: prefigx error---
2023-12-06 11:35:10,397 - INFO - ---gpt error: prefigx error---
2023-12-06 11:35:10,401 - INFO - 行 45 上游关键词结果: 盐酸曲美他嗪胶囊up || 下游关键词结果: 盐酸曲美他嗪胶囊：
2023-12-06 11:35:10,402 - INFO - 行 46 上游关键词结果: 凡乐片一型up || 下游关键词结果: 凡乐片一型：
2023-12-06 11:35:10,406 - INFO - ---gpt error: prefigx error---
2023-12-06 11:35:10,407 - INFO - ---gpt error: prefigx error---
2023-12-06 11:35:10,410 - INFO - ---gpt error: prefigx error---
2023-12-06 11:35:10,412 - INFO - 行 48 上游关键词结果: 硫唑嘌呤片up || 下游关键词结果: 硫唑嘌呤片：
2023-12-06 11:35:10,413 - INFO - 行 47 上游关键词结果: 凡乐片二型up || 下游关键词结果: 凡乐片二型：
2023-12-06 11:35:10,414 - INFO - 行 49 上游关键词结果: 盐酸胺碘酮片up || 下游关键词结果: 盐酸胺碘酮片：
2023-12-06 11:35:14,487 - INFO - ---gpt error: prefigx error---
2023-12-06 11:35:14,487 - INFO - 行 50 上游关键词结果: 羟基脲片up || 下游关键词结果: 羟基脲片：
2023-12-06 11:37:58,835 - INFO - ---gpt error: prefigx error--- 行 0 上游关键词结果: 房地产开发up || 下游关键词结果: 房地产开发：
2023-12-06 11:37:58,836 - INFO - ---gpt error: prefigx error--- 行 1 上游关键词结果: 商品混凝土up || 下游关键词结果: 商品混凝土：
2023-12-06 11:37:58,839 - INFO - ---gpt error: prefigx error--- 行 4 上游关键词结果: 供电up || 下游关键词结果: 供电：
2023-12-06 11:37:58,839 - INFO - ---gpt error: prefigx error--- 行 3 上游关键词结果: 机电设备维修up || 下游关键词结果: 机电设备维修：
2023-12-06 11:37:58,839 - INFO - ---gpt error: prefigx error--- 行 2 上游关键词结果: 水泥制品up || 下游关键词结果: 水泥制品：
2023-12-06 11:38:02,988 - INFO - ---gpt error: prefigx error--- 行 5 上游关键词结果: 供热up || 下游关键词结果: 供热：
2023-12-06 11:38:02,996 - INFO - ---gpt error: prefigx error--- 行 6 上游关键词结果: 发电厂技术服务up || 下游关键词结果: 发电厂技术服务：
2023-12-06 11:38:03,009 - INFO - ---gpt error: prefigx error--- 行 8 上游关键词结果: 建筑安装工程up || 下游关键词结果: 建筑安装工程：
2023-12-06 11:38:03,010 - INFO - ---gpt error: prefigx error--- 行 7 上游关键词结果: 酒店up || 下游关键词结果: 酒店：
2023-12-06 11:38:03,011 - INFO - ---gpt error: prefigx error--- 行 9 上游关键词结果: 系统集成up || 下游关键词结果: 系统集成：
2023-12-06 11:38:07,075 - INFO - ---gpt error: prefigx error--- 行 10 上游关键词结果: 智能银行up || 下游关键词结果: 智能银行：
2023-12-06 11:38:07,085 - INFO - ---gpt error: prefigx error--- 行 11 上游关键词结果: 云计算up || 下游关键词结果: 云计算：
2023-12-06 11:38:07,089 - INFO - ---gpt error: prefigx error--- 行 13 上游关键词结果: 清洁能源综合供应方案up || 下游关键词结果: 清洁能源综合供应方案：
2023-12-06 11:38:07,090 - INFO - ---gpt error: prefigx error--- 行 12 上游关键词结果: 节能服务up || 下游关键词结果: 节能服务：
2023-12-06 11:38:07,094 - INFO - ---gpt error: prefigx error--- 行 14 上游关键词结果: 橡胶机械产业up || 下游关键词结果: 橡胶机械产业：
2023-12-06 11:38:11,185 - INFO - ---gpt error: prefigx error--- 行 15 上游关键词结果: 卡客车专用轮胎up || 下游关键词结果: 卡客车专用轮胎：
2023-12-06 11:38:11,197 - INFO - ---gpt error: prefigx error--- 行 16 上游关键词结果: 橡胶机械产业up || 下游关键词结果: 橡胶机械产业：
2023-12-06 11:38:11,209 - INFO - ---gpt error: prefigx error--- 行 19 上游关键词结果: 圆锥滚子轴承up || 下游关键词结果: 圆锥滚子轴承：
2023-12-06 11:38:11,210 - INFO - ---gpt error: prefigx error--- 行 17 上游关键词结果: 改善性住宅up || 下游关键词结果: 改善性住宅：
2023-12-06 11:38:11,212 - INFO - ---gpt error: prefigx error--- 行 18 上游关键词结果: 高端办公物业up || 下游关键词结果: 高端办公物业：
2023-12-06 11:38:15,290 - INFO - ---gpt error: prefigx error--- 行 20 上游关键词结果: 滚针轴承up || 下游关键词结果: 滚针轴承：
2023-12-06 11:38:15,297 - INFO - ---gpt error: prefigx error--- 行 22 上游关键词结果: 离合器分离轴承up || 下游关键词结果: 离合器分离轴承：
2023-12-06 11:38:15,301 - INFO - ---gpt error: prefigx error--- 行 21 上游关键词结果: 球轴承up || 下游关键词结果: 球轴承：
2023-12-06 11:38:15,309 - INFO - ---gpt error: prefigx error--- 行 23 上游关键词结果: 轿车轮毂轴承up || 下游关键词结果: 轿车轮毂轴承：
2023-12-06 11:38:15,318 - INFO - ---gpt error: prefigx error--- 行 24 上游关键词结果: 高速滚动轴承up || 下游关键词结果: 高速滚动轴承：
2023-12-06 11:38:19,406 - INFO - ---gpt error: prefigx error--- 行 25 上游关键词结果: 汽油up || 下游关键词结果: 汽油：
2023-12-06 11:38:19,419 - INFO - ---gpt error: prefigx error--- 行 27 上游关键词结果: 航空煤油up || 下游关键词结果: 航空煤油：
2023-12-06 11:38:19,419 - INFO - ---gpt error: prefigx error--- 行 26 上游关键词结果: 柴油up || 下游关键词结果: 柴油：
2023-12-06 11:38:19,419 - INFO - ---gpt error: prefigx error--- 行 29 上游关键词结果: 液化石油气up || 下游关键词结果: 液化石油气：
2023-12-06 11:38:19,419 - INFO - ---gpt error: prefigx error--- 行 28 上游关键词结果: 化工轻油up || 下游关键词结果: 化工轻油：
2023-12-06 11:38:23,512 - INFO - ---gpt error: prefigx error--- 行 30 上游关键词结果: 房地产开发up || 下游关键词结果: 房地产开发：
2023-12-06 11:38:23,515 - INFO - ---gpt error: prefigx error--- 行 31 上游关键词结果: 房地产经营up || 下游关键词结果: 房地产经营：
2023-12-06 11:38:23,530 - INFO - ---gpt error: prefigx error--- 行 33 上游关键词结果: 装饰材料up || 下游关键词结果: 装饰材料：
2023-12-06 11:38:23,531 - INFO - ---gpt error: prefigx error--- 行 34 上游关键词结果: 商砼up || 下游关键词结果: 商砼：
2023-12-06 11:38:23,535 - INFO - ---gpt error: prefigx error--- 行 32 上游关键词结果: 建筑材料up || 下游关键词结果: 建筑材料：
2023-12-06 11:38:27,602 - INFO - ---gpt error: prefigx error--- 行 35 上游关键词结果: 骨料up || 下游关键词结果: 骨料：
2023-12-06 11:38:27,630 - INFO - ---gpt error: prefigx error--- 行 37 上游关键词结果: 氯化钾up || 下游关键词结果: 氯化钾：
2023-12-06 11:38:27,630 - INFO - ---gpt error: prefigx error--- 行 36 上游关键词结果: 商品混凝土up || 下游关键词结果: 商品混凝土：
2023-12-06 11:38:27,630 - INFO - ---gpt error: prefigx error--- 行 38 上游关键词结果: 城市基础设施建设up || 下游关键词结果: 城市基础设施建设：
2023-12-06 11:38:27,639 - INFO - ---gpt error: prefigx error--- 行 39 上游关键词结果: 土地一级开发up || 下游关键词结果: 土地一级开发：
2023-12-06 11:38:31,641 - INFO - ---gpt error: prefigx error--- 行 40 上游关键词结果: 供水up || 下游关键词结果: 供水：
2023-12-06 11:38:31,700 - INFO - ---gpt error: prefigx error--- 行 41 上游关键词结果: 污水处理up || 下游关键词结果: 污水处理：
2023-12-06 11:38:31,703 - INFO - ---gpt error: prefigx error--- 行 42 上游关键词结果: 户外广告传媒up || 下游关键词结果: 户外广告传媒：
2023-12-06 11:38:31,705 - INFO - ---gpt error: prefigx error--- 行 43 上游关键词结果: 血脂调节剂up || 下游关键词结果: 血脂调节剂：
2023-12-06 11:38:31,710 - INFO - ---gpt error: prefigx error--- 行 44 上游关键词结果: 氨氯地平阿托伐他汀钙片up || 下游关键词结果: 氨氯地平阿托伐他汀钙片：
2023-12-06 11:38:35,678 - INFO - ---gpt error: prefigx error--- 行 45 上游关键词结果: 盐酸曲美他嗪胶囊up || 下游关键词结果: 盐酸曲美他嗪胶囊：
2023-12-06 11:38:35,803 - INFO - ---gpt error: prefigx error--- 行 46 上游关键词结果: 凡乐片一型up || 下游关键词结果: 凡乐片一型：
2023-12-06 11:38:35,819 - INFO - ---gpt error: prefigx error--- 行 47 上游关键词结果: 凡乐片二型up || 下游关键词结果: 凡乐片二型：
2023-12-06 11:38:35,819 - INFO - ---gpt error: prefigx error--- 行 48 上游关键词结果: 硫唑嘌呤片up || 下游关键词结果: 硫唑嘌呤片：
2023-12-06 11:38:35,819 - INFO - ---gpt error: prefigx error--- 行 49 上游关键词结果: 盐酸胺碘酮片up || 下游关键词结果: 盐酸胺碘酮片：
2023-12-06 11:38:39,724 - INFO - ---gpt error: prefigx error--- 行 50 上游关键词结果: 羟基脲片up || 下游关键词结果: 羟基脲片：
2023-12-06 11:39:16,591 - INFO - ---gpt error: prefigx error--- 行 1 上游关键词结果: 商品混凝土up || 下游关键词结果: 商品混凝土：
2023-12-06 11:39:16,591 - INFO - ---gpt error: prefigx error--- 行 4 上游关键词结果: 供电up || 下游关键词结果: 供电：
2023-12-06 11:39:16,591 - INFO - ---gpt error: prefigx error--- 行 2 上游关键词结果: 水泥制品up || 下游关键词结果: 水泥制品：
2023-12-06 11:39:16,600 - INFO - ---gpt error: prefigx error--- 行 0 上游关键词结果: 房地产开发up || 下游关键词结果: 房地产开发：
2023-12-06 11:39:16,602 - INFO - ---gpt error: prefigx error--- 行 3 上游关键词结果: 机电设备维修up || 下游关键词结果: 机电设备维修：
2023-12-06 11:39:20,710 - INFO - ---gpt error: prefigx error--- 行 5 上游关键词结果: 供热up || 下游关键词结果: 供热：
2023-12-06 11:39:20,722 - INFO - ---gpt error: prefigx error--- 行 6 上游关键词结果: 发电厂技术服务up || 下游关键词结果: 发电厂技术服务：
2023-12-06 11:39:20,723 - INFO - ---gpt error: prefigx error--- 行 8 上游关键词结果: 建筑安装工程up || 下游关键词结果: 建筑安装工程：
2023-12-06 11:39:20,725 - INFO - ---gpt error: prefigx error--- 行 7 上游关键词结果: 酒店up || 下游关键词结果: 酒店：
2023-12-06 11:39:20,730 - INFO - ---gpt error: prefigx error--- 行 9 上游关键词结果: 系统集成up || 下游关键词结果: 系统集成：
2023-12-06 11:39:24,821 - INFO - ---gpt error: prefigx error--- 行 10 上游关键词结果: 智能银行up || 下游关键词结果: 智能银行：
2023-12-06 11:39:24,826 - INFO - ---gpt error: prefigx error--- 行 11 上游关键词结果: 云计算up || 下游关键词结果: 云计算：
2023-12-06 11:39:24,837 - INFO - ---gpt error: prefigx error--- 行 13 上游关键词结果: 清洁能源综合供应方案up || 下游关键词结果: 清洁能源综合供应方案：
2023-12-06 11:39:24,840 - INFO - ---gpt error: prefigx error--- 行 12 上游关键词结果: 节能服务up || 下游关键词结果: 节能服务：
2023-12-06 11:39:24,844 - INFO - ---gpt error: prefigx error--- 行 14 上游关键词结果: 橡胶机械产业up || 下游关键词结果: 橡胶机械产业：
2023-12-06 11:39:28,953 - INFO - ---gpt error: prefigx error--- 行 15 上游关键词结果: 卡客车专用轮胎up || 下游关键词结果: 卡客车专用轮胎：
2023-12-06 11:39:28,953 - INFO - ---gpt error: prefigx error--- 行 16 上游关键词结果: 橡胶机械产业up || 下游关键词结果: 橡胶机械产业：
2023-12-06 11:39:28,961 - INFO - ---gpt error: prefigx error--- 行 17 上游关键词结果: 改善性住宅up || 下游关键词结果: 改善性住宅：
2023-12-06 11:39:28,961 - INFO - ---gpt error: prefigx error--- 行 18 上游关键词结果: 高端办公物业up || 下游关键词结果: 高端办公物业：
2023-12-06 11:39:28,961 - INFO - ---gpt error: prefigx error--- 行 19 上游关键词结果: 圆锥滚子轴承up || 下游关键词结果: 圆锥滚子轴承：
2023-12-06 11:39:33,145 - INFO - ---gpt error: prefigx error--- 行 20 上游关键词结果: 滚针轴承up || 下游关键词结果: 滚针轴承：
2023-12-06 11:39:33,146 - INFO - ---gpt error: prefigx error--- 行 22 上游关键词结果: 离合器分离轴承up || 下游关键词结果: 离合器分离轴承：
2023-12-06 11:39:33,147 - INFO - ---gpt error: prefigx error--- 行 21 上游关键词结果: 球轴承up || 下游关键词结果: 球轴承：
2023-12-06 11:39:33,165 - INFO - ---gpt error: prefigx error--- 行 24 上游关键词结果: 高速滚动轴承up || 下游关键词结果: 高速滚动轴承：
2023-12-06 11:39:33,166 - INFO - ---gpt error: prefigx error--- 行 23 上游关键词结果: 轿车轮毂轴承up || 下游关键词结果: 轿车轮毂轴承：
2023-12-06 11:39:37,228 - INFO - ---gpt error: prefigx error--- 行 25 上游关键词结果: 汽油up || 下游关键词结果: 汽油：
2023-12-06 11:39:37,243 - INFO - ---gpt error: prefigx error--- 行 26 上游关键词结果: 柴油up || 下游关键词结果: 柴油：
2023-12-06 11:39:37,243 - INFO - ---gpt error: prefigx error--- 行 28 上游关键词结果: 化工轻油up || 下游关键词结果: 化工轻油：
2023-12-06 11:39:37,248 - INFO - ---gpt error: prefigx error--- 行 27 上游关键词结果: 航空煤油up || 下游关键词结果: 航空煤油：
2023-12-06 11:39:37,251 - INFO - ---gpt error: prefigx error--- 行 29 上游关键词结果: 液化石油气up || 下游关键词结果: 液化石油气：
2023-12-06 11:39:41,333 - INFO - ---gpt error: prefigx error--- 行 30 上游关键词结果: 房地产开发up || 下游关键词结果: 房地产开发：
2023-12-06 11:39:41,349 - INFO - ---gpt error: prefigx error--- 行 32 上游关键词结果: 建筑材料up || 下游关键词结果: 建筑材料：
2023-12-06 11:39:41,349 - INFO - ---gpt error: prefigx error--- 行 31 上游关键词结果: 房地产经营up || 下游关键词结果: 房地产经营：
2023-12-06 11:39:41,355 - INFO - ---gpt error: prefigx error--- 行 34 上游关键词结果: 商砼up || 下游关键词结果: 商砼：
2023-12-06 11:39:41,357 - INFO - ---gpt error: prefigx error--- 行 33 上游关键词结果: 装饰材料up || 下游关键词结果: 装饰材料：
2023-12-06 11:39:45,501 - INFO - ---gpt error: prefigx error--- 行 35 上游关键词结果: 骨料up || 下游关键词结果: 骨料：
2023-12-06 11:39:45,508 - INFO - ---gpt error: prefigx error--- 行 36 上游关键词结果: 商品混凝土up || 下游关键词结果: 商品混凝土：
2023-12-06 11:39:45,508 - INFO - ---gpt error: prefigx error--- 行 38 上游关键词结果: 城市基础设施建设up || 下游关键词结果: 城市基础设施建设：
2023-12-06 11:39:45,508 - INFO - ---gpt error: prefigx error--- 行 37 上游关键词结果: 氯化钾up || 下游关键词结果: 氯化钾：
2023-12-06 11:39:45,541 - INFO - ---gpt error: prefigx error--- 行 39 上游关键词结果: 土地一级开发up || 下游关键词结果: 土地一级开发：
2023-12-06 11:39:49,582 - INFO - ---gpt error: prefigx error--- 行 40 上游关键词结果: 供水up || 下游关键词结果: 供水：
2023-12-06 11:39:49,608 - INFO - ---gpt error: prefigx error--- 行 41 上游关键词结果: 污水处理up || 下游关键词结果: 污水处理：
2023-12-06 11:39:49,612 - INFO - ---gpt error: prefigx error--- 行 42 上游关键词结果: 户外广告传媒up || 下游关键词结果: 户外广告传媒：
2023-12-06 11:39:49,612 - INFO - ---gpt error: prefigx error--- 行 43 上游关键词结果: 血脂调节剂up || 下游关键词结果: 血脂调节剂：
2023-12-06 11:39:49,618 - INFO - ---gpt error: prefigx error--- 行 44 上游关键词结果: 氨氯地平阿托伐他汀钙片up || 下游关键词结果: 氨氯地平阿托伐他汀钙片：
2023-12-06 11:39:53,617 - INFO - ---gpt error: prefigx error--- 行 45 上游关键词结果: 盐酸曲美他嗪胶囊up || 下游关键词结果: 盐酸曲美他嗪胶囊：
2023-12-06 11:39:53,704 - INFO - ---gpt error: prefigx error--- 行 46 上游关键词结果: 凡乐片一型up || 下游关键词结果: 凡乐片一型：
2023-12-06 11:39:53,708 - INFO - ---gpt error: prefigx error--- 行 47 上游关键词结果: 凡乐片二型up || 下游关键词结果: 凡乐片二型：
2023-12-06 11:39:53,708 - INFO - ---gpt error: prefigx error--- 行 48 上游关键词结果: 硫唑嘌呤片up || 下游关键词结果: 硫唑嘌呤片：
2023-12-06 11:39:53,713 - INFO - ---gpt error: prefigx error--- 行 49 上游关键词结果: 盐酸胺碘酮片up || 下游关键词结果: 盐酸胺碘酮片：
2023-12-06 11:39:57,650 - INFO - ---gpt error: prefigx error--- 行 50 上游关键词结果: 羟基脲片up || 下游关键词结果: 羟基脲片：
2023-12-06 11:42:48,996 - INFO - ---gpt error: prefigx error--- 行 1 上游关键词结果: 商品混凝土up || 下游关键词结果: 商品混凝土：
2023-12-06 11:42:49,001 - INFO - ---gpt error: prefigx error--- 行 0 上游关键词结果: 房地产开发up || 下游关键词结果: 房地产开发：
2023-12-06 11:42:49,003 - INFO - ---gpt error: prefigx error--- 行 4 上游关键词结果: 供电up || 下游关键词结果: 供电：
2023-12-06 11:42:49,004 - INFO - ---gpt error: prefigx error--- 行 2 上游关键词结果: 水泥制品up || 下游关键词结果: 水泥制品：
2023-12-06 11:42:49,011 - INFO - ---gpt error: prefigx error--- 行 3 上游关键词结果: 机电设备维修up || 下游关键词结果: 机电设备维修：
2023-12-06 11:42:57,353 - INFO - ---gpt error: prefigx error--- 行 5 上游关键词结果: 供热up || 下游关键词结果: 供热：
2023-12-06 11:42:57,376 - INFO - ---gpt error: prefigx error--- 行 8 上游关键词结果: 建筑安装工程up || 下游关键词结果: 建筑安装工程：
2023-12-06 11:42:57,424 - INFO - ---gpt error: prefigx error--- 行 9 上游关键词结果: 系统集成up || 下游关键词结果: 系统集成：
2023-12-06 11:42:57,440 - INFO - ---gpt error: prefigx error--- 行 7 上游关键词结果: 酒店up || 下游关键词结果: 酒店：
2023-12-06 11:42:57,473 - INFO - ---gpt error: prefigx error--- 行 6 上游关键词结果: 发电厂技术服务up || 下游关键词结果: 发电厂技术服务：
2023-12-06 11:43:05,573 - INFO - ---gpt error: prefigx error--- 行 10 上游关键词结果: 智能银行up || 下游关键词结果: 智能银行：
2023-12-06 11:43:05,596 - INFO - ---gpt error: prefigx error--- 行 13 上游关键词结果: 清洁能源综合供应方案up || 下游关键词结果: 清洁能源综合供应方案：
2023-12-06 11:43:05,606 - INFO - ---gpt error: prefigx error--- 行 11 上游关键词结果: 云计算up || 下游关键词结果: 云计算：
2023-12-06 11:43:05,606 - INFO - ---gpt error: prefigx error--- 行 14 上游关键词结果: 橡胶机械产业up || 下游关键词结果: 橡胶机械产业：
2023-12-06 11:43:05,622 - INFO - ---gpt error: prefigx error--- 行 12 上游关键词结果: 节能服务up || 下游关键词结果: 节能服务：
2023-12-06 11:43:13,943 - INFO - ---gpt error: prefigx error--- 行 15 上游关键词结果: 卡客车专用轮胎up || 下游关键词结果: 卡客车专用轮胎：
2023-12-06 11:43:13,946 - INFO - ---gpt error: prefigx error--- 行 16 上游关键词结果: 橡胶机械产业up || 下游关键词结果: 橡胶机械产业：
2023-12-06 11:43:13,951 - INFO - ---gpt error: prefigx error--- 行 17 上游关键词结果: 改善性住宅up || 下游关键词结果: 改善性住宅：
2023-12-06 11:43:13,955 - INFO - ---gpt error: prefigx error--- 行 18 上游关键词结果: 高端办公物业up || 下游关键词结果: 高端办公物业：
2023-12-06 11:43:14,053 - INFO - ---gpt error: prefigx error--- 行 19 上游关键词结果: 圆锥滚子轴承up || 下游关键词结果: 圆锥滚子轴承：
2023-12-06 11:43:22,245 - INFO - ---gpt error: prefigx error--- 行 20 上游关键词结果: 滚针轴承up || 下游关键词结果: 滚针轴承：
2023-12-06 11:43:22,255 - INFO - ---gpt error: prefigx error--- 行 21 上游关键词结果: 球轴承up || 下游关键词结果: 球轴承：
2023-12-06 11:43:22,255 - INFO - ---gpt error: prefigx error--- 行 23 上游关键词结果: 轿车轮毂轴承up || 下游关键词结果: 轿车轮毂轴承：
2023-12-06 11:43:22,255 - INFO - ---gpt error: prefigx error--- 行 22 上游关键词结果: 离合器分离轴承up || 下游关键词结果: 离合器分离轴承：
2023-12-06 11:43:22,269 - INFO - ---gpt error: prefigx error--- 行 24 上游关键词结果: 高速滚动轴承up || 下游关键词结果: 高速滚动轴承：
2023-12-06 11:43:30,580 - INFO - ---gpt error: prefigx error--- 行 25 上游关键词结果: 汽油up || 下游关键词结果: 汽油：
2023-12-06 11:43:30,581 - INFO - ---gpt error: prefigx error--- 行 26 上游关键词结果: 柴油up || 下游关键词结果: 柴油：
2023-12-06 11:43:30,590 - INFO - ---gpt error: prefigx error--- 行 28 上游关键词结果: 化工轻油up || 下游关键词结果: 化工轻油：
2023-12-06 11:43:30,591 - INFO - ---gpt error: prefigx error--- 行 27 上游关键词结果: 航空煤油up || 下游关键词结果: 航空煤油：
2023-12-06 11:43:30,596 - INFO - ---gpt error: prefigx error--- 行 29 上游关键词结果: 液化石油气up || 下游关键词结果: 液化石油气：
2023-12-06 11:43:38,903 - INFO - ---gpt error: prefigx error--- 行 31 上游关键词结果: 房地产经营up || 下游关键词结果: 房地产经营：
2023-12-06 11:43:38,903 - INFO - ---gpt error: prefigx error--- 行 30 上游关键词结果: 房地产开发up || 下游关键词结果: 房地产开发：
2023-12-06 11:43:38,912 - INFO - ---gpt error: prefigx error--- 行 32 上游关键词结果: 建筑材料up || 下游关键词结果: 建筑材料：
2023-12-06 11:43:38,919 - INFO - ---gpt error: prefigx error--- 行 33 上游关键词结果: 装饰材料up || 下游关键词结果: 装饰材料：
2023-12-06 11:43:38,919 - INFO - ---gpt error: prefigx error--- 行 34 上游关键词结果: 商砼up || 下游关键词结果: 商砼：
2023-12-06 11:43:47,346 - INFO - ---gpt error: prefigx error--- 行 35 上游关键词结果: 骨料up || 下游关键词结果: 骨料：
2023-12-06 11:43:47,350 - INFO - ---gpt error: prefigx error--- 行 36 上游关键词结果: 商品混凝土up || 下游关键词结果: 商品混凝土：
2023-12-06 11:43:47,355 - INFO - ---gpt error: prefigx error--- 行 38 上游关键词结果: 城市基础设施建设up || 下游关键词结果: 城市基础设施建设：
2023-12-06 11:43:47,355 - INFO - ---gpt error: prefigx error--- 行 37 上游关键词结果: 氯化钾up || 下游关键词结果: 氯化钾：
2023-12-06 11:43:47,420 - INFO - ---gpt error: prefigx error--- 行 39 上游关键词结果: 土地一级开发up || 下游关键词结果: 土地一级开发：
2023-12-06 11:43:55,663 - INFO - ---gpt error: prefigx error--- 行 40 上游关键词结果: 供水up || 下游关键词结果: 供水：
2023-12-06 11:43:55,674 - INFO - ---gpt error: prefigx error--- 行 41 上游关键词结果: 污水处理up || 下游关键词结果: 污水处理：
2023-12-06 11:43:55,695 - INFO - ---gpt error: prefigx error--- 行 43 上游关键词结果: 血脂调节剂up || 下游关键词结果: 血脂调节剂：
2023-12-06 11:43:55,736 - INFO - ---gpt error: prefigx error--- 行 42 上游关键词结果: 户外广告传媒up || 下游关键词结果: 户外广告传媒：
2023-12-06 11:43:55,926 - INFO - ---gpt error: prefigx error--- 行 44 上游关键词结果: 氨氯地平阿托伐他汀钙片up || 下游关键词结果: 氨氯地平阿托伐他汀钙片：
2023-12-06 11:44:03,978 - INFO - ---gpt error: prefigx error--- 行 45 上游关键词结果: 盐酸曲美他嗪胶囊up || 下游关键词结果: 盐酸曲美他嗪胶囊：
2023-12-06 11:44:03,988 - INFO - ---gpt error: prefigx error--- 行 46 上游关键词结果: 凡乐片一型up || 下游关键词结果: 凡乐片一型：
2023-12-06 11:44:03,988 - INFO - ---gpt error: prefigx error--- 行 47 上游关键词结果: 凡乐片二型up || 下游关键词结果: 凡乐片二型：
2023-12-06 11:44:03,993 - INFO - ---gpt error: prefigx error--- 行 48 上游关键词结果: 硫唑嘌呤片up || 下游关键词结果: 硫唑嘌呤片：
2023-12-06 11:44:04,005 - INFO - ---gpt error: prefigx error--- 行 49 上游关键词结果: 盐酸胺碘酮片up || 下游关键词结果: 盐酸胺碘酮片：
2023-12-06 11:44:12,331 - INFO - ---gpt error: prefigx error--- 行 50 上游关键词结果: 羟基脲片up || 下游关键词结果: 羟基脲片：
2023-12-06 11:44:12,342 - INFO - ---gpt error: prefigx error--- 行 51 上游关键词结果: 客车整车制造up || 下游关键词结果: 客车整车制造：
2023-12-06 11:44:12,345 - INFO - ---gpt error: prefigx error--- 行 52 上游关键词结果: 汽车零部件制造up || 下游关键词结果: 汽车零部件制造：
2023-12-06 11:44:12,348 - INFO - ---gpt error: prefigx error--- 行 53 上游关键词结果: 纯电动客车up || 下游关键词结果: 纯电动客车：
2023-12-06 11:44:12,355 - INFO - ---gpt error: prefigx error--- 行 54 上游关键词结果: 混合动力客车up || 下游关键词结果: 混合动力客车：
2023-12-06 11:44:20,675 - INFO - ---gpt error: prefigx error--- 行 55 上游关键词结果: 新燃料客车up || 下游关键词结果: 新燃料客车：
2023-12-06 11:44:20,691 - INFO - ---gpt error: prefigx error--- 行 56 上游关键词结果: 住宅开发up || 下游关键词结果: 住宅开发：
2023-12-06 11:44:20,692 - INFO - ---gpt error: prefigx error--- 行 57 上游关键词结果: 酒店业务up || 下游关键词结果: 酒店业务：
2023-12-06 11:44:20,705 - INFO - ---gpt error: prefigx error--- 行 59 上游关键词结果: 风湿骨病科疾病领域药品up || 下游关键词结果: 风湿骨病科疾病领域药品：
2023-12-06 11:44:20,706 - INFO - ---gpt error: prefigx error--- 行 58 上游关键词结果: 心脑血管领域药品up || 下游关键词结果: 心脑血管领域药品：
2023-12-06 11:44:29,014 - INFO - ---gpt error: prefigx error--- 行 60 上游关键词结果: 妇儿领域药品up || 下游关键词结果: 妇儿领域药品：
2023-12-06 11:44:29,014 - INFO - ---gpt error: prefigx error--- 行 61 上游关键词结果: 消化系统领域药品up || 下游关键词结果: 消化系统领域药品：
2023-12-06 11:44:29,023 - INFO - ---gpt error: prefigx error--- 行 63 上游关键词结果: 抗感染领域药品up || 下游关键词结果: 抗感染领域药品：
2023-12-06 11:44:29,029 - INFO - ---gpt error: prefigx error--- 行 62 上游关键词结果: 烧烫伤领域药品up || 下游关键词结果: 烧烫伤领域药品：
2023-12-06 11:44:29,031 - INFO - ---gpt error: prefigx error--- 行 64 上游关键词结果: 医用透明质酸钠凝胶up || 下游关键词结果: 医用透明质酸钠凝胶：
2023-12-06 11:44:37,399 - INFO - ---gpt error: prefigx error--- 行 65 上游关键词结果: 抗炎镇痛药品up || 下游关键词结果: 抗炎镇痛药品：
2023-12-06 11:44:37,406 - INFO - ---gpt error: prefigx error--- 行 66 上游关键词结果: 住宅地开发up || 下游关键词结果: 住宅地开发：
2023-12-06 11:44:37,423 - INFO - ---gpt error: prefigx error--- 行 67 上游关键词结果: 商业地产开发up || 下游关键词结果: 商业地产开发：
2023-12-06 11:44:37,431 - INFO - ---gpt error: prefigx error--- 行 68 上游关键词结果: 工业地产开发up || 下游关键词结果: 工业地产开发：
2023-12-06 11:44:37,434 - INFO - ---gpt error: prefigx error--- 行 69 上游关键词结果: 子午轮胎钢帘线up || 下游关键词结果: 子午轮胎钢帘线：
2023-12-06 11:44:45,872 - INFO - ---gpt error: prefigx error--- 行 70 上游关键词结果: 钢丝up || 下游关键词结果: 钢丝：
2023-12-06 11:44:45,877 - INFO - ---gpt error: prefigx error--- 行 71 上游关键词结果: 钢绞线up || 下游关键词结果: 钢绞线：
2023-12-06 11:44:45,882 - INFO - ---gpt error: prefigx error--- 行 72 上游关键词结果: 水泥制品up || 下游关键词结果: 水泥制品：
2023-12-06 11:44:45,887 - INFO - ---gpt error: prefigx error--- 行 73 上游关键词结果: 商品熟料up || 下游关键词结果: 商品熟料：
2023-12-06 11:44:45,899 - INFO - ---gpt error: prefigx error--- 行 74 上游关键词结果: 骨料up || 下游关键词结果: 骨料：
2023-12-06 11:44:54,205 - INFO - ---gpt error: prefigx error--- 行 75 上游关键词结果: 炼焦煤up || 下游关键词结果: 炼焦煤：
2023-12-06 11:44:54,209 - INFO - ---gpt error: prefigx error--- 行 76 上游关键词结果: 动力煤up || 下游关键词结果: 动力煤：
2023-12-06 11:44:54,215 - INFO - ---gpt error: prefigx error--- 行 78 上游关键词结果: 烧碱up || 下游关键词结果: 烧碱：
2023-12-06 11:44:54,225 - INFO - ---gpt error: prefigx error--- 行 77 上游关键词结果: 甲醇up || 下游关键词结果: 甲醇：
2023-12-06 11:44:54,226 - INFO - ---gpt error: prefigx error--- 行 79 上游关键词结果: PVCup || 下游关键词结果: PVC：
2023-12-06 11:45:02,681 - INFO - ---gpt error: prefigx error--- 行 80 上游关键词结果: 玻璃纤维up || 下游关键词结果: 玻璃纤维：
2023-12-06 11:45:02,688 - INFO - ---gpt error: prefigx error--- 行 81 上游关键词结果: 原煤up || 下游关键词结果: 原煤：
2023-12-06 11:45:02,699 - INFO - ---gpt error: prefigx error--- 行 82 上游关键词结果: 药品up || 下游关键词结果: 药品：
2023-12-06 11:45:02,705 - INFO - ---gpt error: prefigx error--- 行 83 上游关键词结果: 医疗器械up || 下游关键词结果: 医疗器械：
2023-12-06 11:45:02,705 - INFO - ---gpt error: prefigx error--- 行 84 上游关键词结果: 中药饮片up || 下游关键词结果: 中药饮片：
2023-12-06 11:45:11,245 - INFO - ---gpt error: prefigx error--- 行 85 上游关键词结果: 保健产品up || 下游关键词结果: 保健产品：
2023-12-06 11:45:11,255 - INFO - ---gpt error: prefigx error--- 行 86 上游关键词结果: 载重汽车up || 下游关键词结果: 载重汽车：
2023-12-06 11:45:11,257 - INFO - ---gpt error: prefigx error--- 行 87 上游关键词结果: 特种汽车up || 下游关键词结果: 特种汽车：
2023-12-06 11:45:11,262 - INFO - ---gpt error: prefigx error--- 行 88 上游关键词结果: 客车up || 下游关键词结果: 客车：
2023-12-06 11:45:11,268 - INFO - ---gpt error: prefigx error--- 行 89 上游关键词结果: 发动机up || 下游关键词结果: 发动机：
2023-12-06 11:45:19,600 - INFO - ---gpt error: prefigx error--- 行 90 上游关键词结果: 变速箱up || 下游关键词结果: 变速箱：
2023-12-06 11:45:19,605 - INFO - ---gpt error: prefigx error--- 行 91 上游关键词结果: 车桥up || 下游关键词结果: 车桥：
2023-12-06 11:45:19,620 - INFO - ---gpt error: prefigx error--- 行 92 上游关键词结果: 医药中间体up || 下游关键词结果: 医药中间体：
2023-12-06 11:45:19,623 - INFO - ---gpt error: prefigx error--- 行 93 上游关键词结果: 化肥业务up || 下游关键词结果: 化肥业务：
2023-12-06 11:45:19,625 - INFO - ---gpt error: prefigx error--- 行 94 上游关键词结果: 尿素up || 下游关键词结果: 尿素：
2023-12-06 11:45:27,988 - INFO - ---gpt error: prefigx error--- 行 95 上游关键词结果: 大型客车up || 下游关键词结果: 大型客车：
2023-12-06 11:45:28,001 - INFO - ---gpt error: prefigx error--- 行 96 上游关键词结果: 中型客车up || 下游关键词结果: 中型客车：
2023-12-06 11:45:28,001 - INFO - ---gpt error: prefigx error--- 行 97 上游关键词结果: 轻型客车up || 下游关键词结果: 轻型客车：
2023-12-06 11:45:28,032 - INFO - ---gpt error: prefigx error--- 行 99 上游关键词结果: 大型客车up || 下游关键词结果: 大型客车：
2023-12-06 11:45:28,042 - INFO - ---gpt error: prefigx error--- 行 98 上游关键词结果: 新能源客车整车 up || 下游关键词结果: 新能源客车整车 ：
2023-12-06 11:45:36,303 - INFO - ---gpt error: prefigx error--- 行 100 上游关键词结果: 供热up || 下游关键词结果: 供热：
2023-12-06 11:45:36,323 - INFO - ---gpt error: prefigx error--- 行 101 上游关键词结果: 供热up || 下游关键词结果: 供热：
2023-12-06 11:45:36,325 - INFO - ---gpt error: prefigx error--- 行 103 上游关键词结果: 供热up || 下游关键词结果: 供热：
2023-12-06 11:45:36,329 - INFO - ---gpt error: prefigx error--- 行 102 上游关键词结果: 电力up || 下游关键词结果: 电力：
2023-12-06 11:45:36,332 - INFO - ---gpt error: prefigx error--- 行 104 上游关键词结果: 新能源up || 下游关键词结果: 新能源：
2023-12-06 11:45:44,557 - INFO - ---gpt error: prefigx error--- 行 105 上游关键词结果: 信托up || 下游关键词结果: 信托：
2023-12-06 11:45:44,568 - INFO - ---gpt error: prefigx error--- 行 106 上游关键词结果: 新能源up || 下游关键词结果: 新能源：
2023-12-06 11:45:44,572 - INFO - ---gpt error: prefigx error--- 行 107 上游关键词结果: 保险经纪up || 下游关键词结果: 保险经纪：
2023-12-06 11:45:44,576 - INFO - ---gpt error: prefigx error--- 行 108 上游关键词结果: 期货up || 下游关键词结果: 期货：
2023-12-06 11:45:44,576 - INFO - ---gpt error: prefigx error--- 行 109 上游关键词结果: 热轧酸洗板up || 下游关键词结果: 热轧酸洗板：
2023-12-06 11:45:52,802 - INFO - ---gpt error: prefigx error--- 行 110 上游关键词结果: 管线钢up || 下游关键词结果: 管线钢：
2023-12-06 11:45:52,811 - INFO - ---gpt error: prefigx error--- 行 112 上游关键词结果: 汽车结构钢up || 下游关键词结果: 汽车结构钢：
2023-12-06 11:45:52,818 - INFO - ---gpt error: prefigx error--- 行 111 上游关键词结果: 耐候钢up || 下游关键词结果: 耐候钢：
2023-12-06 11:45:52,821 - INFO - ---gpt error: prefigx error--- 行 113 上游关键词结果: 高强工程机械用钢up || 下游关键词结果: 高强工程机械用钢：
2023-12-06 11:45:52,825 - INFO - ---gpt error: prefigx error--- 行 114 上游关键词结果: 汽车板up || 下游关键词结果: 汽车板：
2023-12-06 11:46:01,323 - INFO - ---gpt error: prefigx error--- 行 116 上游关键词结果: 中药饮片代煎up || 下游关键词结果: 中药饮片代煎：
2023-12-06 11:46:01,330 - INFO - ---gpt error: prefigx error--- 行 117 上游关键词结果: 保健食品up || 下游关键词结果: 保健食品：
2023-12-06 11:46:01,334 - INFO - ---gpt error: prefigx error--- 行 115 上游关键词结果: 药品生产up || 下游关键词结果: 药品生产：
2023-12-06 11:46:01,334 - INFO - ---gpt error: prefigx error--- 行 118 上游关键词结果: 化妆品up || 下游关键词结果: 化妆品：
2023-12-06 11:46:01,342 - INFO - ---gpt error: prefigx error--- 行 119 上游关键词结果: 基础设施开发建设up || 下游关键词结果: 基础设施开发建设：
2023-12-06 11:46:09,674 - INFO - ---gpt error: prefigx error--- 行 120 上游关键词结果: 商品房销售up || 下游关键词结果: 商品房销售：
2023-12-06 11:46:09,678 - INFO - ---gpt error: prefigx error--- 行 121 上游关键词结果: 房地产工程项目管理up || 下游关键词结果: 房地产工程项目管理：
2023-12-06 11:46:09,702 - INFO - ---gpt error: prefigx error--- 行 122 上游关键词结果: 房地产开发up || 下游关键词结果: 房地产开发：
2023-12-06 11:46:09,703 - INFO - ---gpt error: prefigx error--- 行 123 上游关键词结果: 六味地黄丸up || 下游关键词结果: 六味地黄丸：
2023-12-06 11:46:09,802 - INFO - ---gpt error: prefigx error--- 行 124 上游关键词结果: 驴胶补血颗粒up || 下游关键词结果: 驴胶补血颗粒：
2023-12-06 11:46:17,988 - INFO - ---gpt error: prefigx error--- 行 125 上游关键词结果: 疏血通注射液up || 下游关键词结果: 疏血通注射液：
2023-12-06 11:46:17,992 - INFO - ---gpt error: prefigx error--- 行 126 上游关键词结果: 阿胶系列产品up || 下游关键词结果: 阿胶系列产品：
2023-12-06 11:46:18,003 - INFO - ---gpt error: prefigx error--- 行 127 上游关键词结果: 水力发电up || 下游关键词结果: 水力发电：
2023-12-06 11:46:18,003 - INFO - ---gpt error: prefigx error--- 行 128 上游关键词结果: 风力发电up || 下游关键词结果: 风力发电：
2023-12-06 11:46:18,010 - INFO - ---gpt error: prefigx error--- 行 129 上游关键词结果: 房地产开发up || 下游关键词结果: 房地产开发：
